NumRoutedPins = 50

WireLength = 567

H-line  (49,94) (50,94)
V-line  (63,37) (63,38)
H-line  (63,37) (64,37)
V-line  (50,94) (50,97)
H-line  (95,95) (99,95)
V-line  (49,90) (49,94)
H-line  (48,90) (49,90)
V-line  (66,61) (66,66)
V-line  (63,35) (63,38)
H-line  (61,35) (63,35)
V-line  (54,15) (54,19)
H-line  (53,15) (54,15)
V-line  (79,2) (79,5)
H-line  (79,2) (81,2)
V-line  (57,57) (57,58)
H-line  (53,57) (57,57)
V-line  (20,71) (20,73)
H-line  (20,71) (24,71)
V-line  (72,23) (72,25)
H-line  (72,23) (77,23)
V-line  (66,25) (66,26)
H-line  (66,25) (72,25)
V-line  (17,32) (17,40)
V-line  (83,15) (83,19)
H-line  (79,15) (83,15)
V-line  (61,38) (61,44)
H-line  (61,38) (63,38)
V-line  (71,75) (71,83)
H-line  (70,75) (71,75)
V-line  (40,68) (40,71)
H-line  (34,68) (40,68)
V-line  (79,5) (79,15)
V-line  (77,19) (77,23)
H-line  (77,19) (83,19)
V-line  (17,38) (17,40)
H-line  (9,38) (17,38)
V-line  (29,47) (29,51)
H-line  (22,47) (29,47)
V-line  (61,75) (61,77)
H-line  (61,75) (70,75)
V-line  (86,34) (86,43)
H-line  (86,34) (88,34)
V-line  (84,43) (84,52)
H-line  (84,43) (86,43)
V-line  (66,58) (66,61)
H-line  (57,58) (66,58)
V-line  (48,81) (48,90)
H-line  (48,81) (51,81)
V-line  (22,40) (22,47)
H-line  (17,40) (22,40)
V-line  (26,32) (26,35)
H-line  (17,32) (26,32)
V-line  (64,26) (64,37)
H-line  (64,26) (66,26)
V-line  (28,71) (28,80)
H-line  (24,71) (28,71)
V-line  (70,66) (70,75)
H-line  (66,66) (70,66)
V-line  (24,68) (24,71)
H-line  (24,68) (34,68)
V-line  (51,77) (51,81)
H-line  (51,77) (61,77)
V-line  (29,42) (29,51)
H-line  (29,42) (34,42)
V-line  (23,89) (23,95)
H-line  (14,89) (23,89)
V-line  (83,83) (83,88)
H-line  (71,83) (83,83)
V-line  (95,52) (95,58)
H-line  (84,52) (95,52)
V-line  (53,4) (53,15)
H-line  (53,4) (60,4)
V-line  (57,44) (57,58)
H-line  (57,44) (61,44)
V-line  (95,88) (95,95)
H-line  (83,88) (95,88)
V-line  (66,19) (66,26)
H-line  (54,19) (66,19)
H-line  (41,4) (60,4)
V-line  (14,47) (14,59)
H-line  (14,47) (22,47)
V-line  (20,59) (20,73)
H-line  (14,59) (20,59)
V-line  (88,19) (88,34)
H-line  (83,19) (88,19)
V-line  (23,80) (23,95)
H-line  (23,80) (28,80)
V-line  (17,13) (17,32)
H-line  (16,13) (17,13)
V-line  (51,71) (51,81)
H-line  (40,71) (51,71)
