NumRoutedPins = 500

WireLength = 19173

H-line  (360,569) (361,569)
V-line  (681,338) (681,339)
V-line  (624,986) (624,989)
V-line  (729,793) (729,794)
H-line  (727,793) (729,793)
V-line  (355,119) (355,121)
H-line  (354,119) (355,119)
H-line  (158,718) (161,718)
V-line  (914,747) (914,749)
H-line  (914,747) (915,747)
V-line  (918,96) (918,97)
H-line  (916,96) (918,96)
V-line  (12,598) (12,601)
H-line  (11,598) (12,598)
H-line  (398,173) (402,173)
V-line  (278,581) (278,585)
H-line  (278,581) (279,581)
V-line  (196,515) (196,518)
H-line  (194,515) (196,515)
V-line  (261,21) (261,23)
H-line  (261,21) (264,21)
H-line  (939,932) (944,932)
V-line  (260,383) (260,387)
H-line  (259,383) (260,383)
H-line  (530,560) (536,560)
V-line  (574,69) (574,72)
H-line  (574,69) (577,69)
V-line  (532,133) (532,138)
H-line  (531,133) (532,133)
V-line  (111,388) (111,391)
H-line  (111,388) (115,388)
V-line  (710,847) (710,853)
H-line  (710,847) (711,847)
V-line  (57,965) (57,969)
H-line  (54,965) (57,965)
V-line  (60,110) (60,114)
H-line  (57,110) (60,110)
V-line  (614,924) (614,928)
H-line  (614,924) (618,924)
V-line  (287,677) (287,679)
H-line  (287,677) (293,677)
V-line  (964,820) (964,821)
H-line  (964,820) (971,820)
V-line  (443,591) (443,597)
H-line  (443,591) (445,591)
V-line  (690,466) (690,475)
V-line  (808,918) (808,922)
H-line  (803,918) (808,918)
V-line  (750,887) (750,890)
H-line  (750,887) (756,887)
V-line  (531,411) (531,416)
H-line  (527,411) (531,411)
V-line  (773,582) (773,592)
V-line  (55,638) (55,641)
H-line  (48,638) (55,638)
V-line  (3,472) (3,482)
V-line  (341,941) (341,951)
V-line  (12,601) (12,612)
V-line  (419,70) (419,73)
H-line  (410,70) (419,70)
V-line  (250,837) (250,843)
H-line  (244,837) (250,837)
V-line  (615,651) (615,654)
H-line  (615,651) (624,651)
V-line  (146,457) (146,468)
H-line  (145,457) (146,457)
V-line  (695,309) (695,317)
H-line  (695,309) (699,309)
V-line  (354,115) (354,119)
H-line  (344,115) (354,115)
V-line  (350,689) (350,693)
H-line  (350,689) (360,689)
V-line  (986,239) (986,249)
H-line  (986,239) (990,239)
V-line  (236,149) (236,158)
H-line  (236,149) (242,149)
V-line  (831,261) (831,262)
H-line  (817,261) (831,261)
V-line  (555,377) (555,391)
H-line  (554,377) (555,377)
V-line  (861,521) (861,526)
H-line  (851,521) (861,521)
V-line  (717,56) (717,70)
H-line  (717,56) (718,56)
V-line  (356,421) (356,431)
H-line  (351,421) (356,421)
V-line  (803,918) (803,933)
V-line  (915,733) (915,747)
H-line  (915,733) (916,733)
V-line  (336,330) (336,344)
H-line  (334,330) (336,330)
V-line  (57,103) (57,110)
H-line  (57,103) (66,103)
V-line  (839,380) (839,388)
H-line  (831,380) (839,380)
V-line  (554,370) (554,377)
H-line  (545,370) (554,370)
V-line  (755,203) (755,209)
H-line  (755,203) (765,203)
V-line  (902,733) (902,735)
H-line  (902,733) (916,733)
V-line  (574,597) (574,607)
H-line  (574,597) (580,597)
V-line  (366,421) (366,422)
H-line  (351,421) (366,421)
V-line  (418,99) (418,108)
H-line  (411,99) (418,99)
V-line  (959,783) (959,789)
H-line  (949,783) (959,783)
V-line  (845,127) (845,135)
H-line  (845,127) (853,127)
V-line  (930,932) (930,939)
H-line  (930,932) (939,932)
V-line  (830,448) (830,461)
H-line  (830,448) (833,448)
V-line  (904,644) (904,646)
H-line  (889,644) (904,644)
V-line  (580,588) (580,597)
H-line  (580,588) (588,588)
V-line  (825,477) (825,494)
V-line  (494,288) (494,289)
H-line  (478,288) (494,288)
V-line  (93,130) (93,143)
H-line  (93,130) (97,130)
V-line  (305,77) (305,86)
H-line  (305,77) (313,77)
V-line  (334,312) (334,330)
V-line  (402,454) (402,465)
H-line  (402,454) (409,454)
V-line  (492,795) (492,796)
H-line  (475,795) (492,795)
V-line  (78,143) (78,146)
H-line  (78,143) (93,143)
V-line  (441,660) (441,677)
H-line  (440,660) (441,660)
V-line  (56,440) (56,445)
H-line  (56,440) (70,440)
V-line  (904,749) (904,758)
H-line  (904,749) (914,749)
V-line  (750,848) (750,860)
H-line  (750,848) (757,848)
V-line  (918,393) (918,394)
H-line  (918,393) (936,393)
V-line  (787,592) (787,599)
H-line  (787,592) (799,592)
V-line  (501,25) (501,30)
H-line  (487,25) (501,25)
V-line  (861,524) (861,526)
H-line  (861,524) (878,524)
V-line  (350,330) (350,333)
H-line  (334,330) (350,330)
V-line  (816,970) (816,977)
H-line  (816,970) (828,970)
V-line  (765,336) (765,348)
H-line  (758,336) (765,336)
V-line  (242,139) (242,149)
H-line  (233,139) (242,139)
V-line  (279,579) (279,581)
H-line  (279,579) (297,579)
V-line  (659,474) (659,483)
H-line  (659,474) (670,474)
V-line  (853,114) (853,127)
H-line  (853,114) (860,114)
V-line  (574,66) (574,72)
H-line  (560,66) (574,66)
V-line  (499,86) (499,87)
H-line  (499,86) (518,86)
V-line  (814,448) (814,449)
H-line  (814,448) (833,448)
V-line  (563,413) (563,420)
H-line  (563,413) (576,413)
V-line  (582,607) (582,619)
H-line  (574,607) (582,607)
V-line  (632,3) (632,16)
H-line  (625,3) (632,3)
V-line  (618,913) (618,924)
H-line  (609,913) (618,913)
H-line  (355,628) (375,628)
V-line  (787,592) (787,599)
H-line  (773,592) (787,592)
V-line  (556,754) (556,771)
H-line  (556,754) (560,754)
V-line  (857,673) (857,692)
H-line  (857,673) (859,673)
V-line  (159,294) (159,306)
H-line  (150,294) (159,294)
V-line  (316,198) (316,199)
H-line  (316,198) (336,198)
V-line  (127,887) (127,901)
H-line  (127,887) (134,887)
V-line  (34,51) (34,63)
H-line  (25,51) (34,51)
V-line  (833,16) (833,19)
H-line  (833,16) (851,16)
V-line  (526,338) (526,352)
H-line  (526,338) (533,338)
V-line  (690,474) (690,475)
H-line  (670,474) (690,474)
V-line  (825,461) (825,477)
H-line  (825,461) (830,461)
V-line  (951,593) (951,610)
H-line  (951,593) (955,593)
V-line  (221,601) (221,613)
H-line  (221,601) (231,601)
V-line  (615,645) (615,654)
H-line  (602,645) (615,645)
V-line  (521,162) (521,165)
H-line  (502,162) (521,162)
V-line  (145,436) (145,457)
H-line  (145,436) (146,436)
V-line  (298,955) (298,960)
H-line  (281,955) (298,955)
V-line  (19,63) (19,70)
H-line  (19,63) (34,63)
V-line  (161,715) (161,718)
H-line  (161,715) (180,715)
V-line  (857,689) (857,692)
H-line  (857,689) (877,689)
V-line  (311,199) (311,217)
H-line  (311,199) (316,199)
V-line  (592,545) (592,561)
H-line  (592,545) (599,545)
V-line  (293,657) (293,677)
H-line  (290,657) (293,657)
V-line  (252,555) (252,564)
H-line  (238,555) (252,555)
V-line  (66,86) (66,103)
H-line  (60,86) (66,86)
V-line  (672,889) (672,904)
H-line  (664,889) (672,889)
V-line  (264,8) (264,21)
H-line  (264,8) (274,8)
V-line  (126,673) (126,691)
H-line  (126,673) (132,673)
V-line  (238,23) (238,24)
H-line  (238,23) (261,23)
V-line  (166,623) (166,638)
H-line  (166,623) (175,623)
V-line  (290,637) (290,657)
H-line  (290,637) (294,637)
V-line  (876,689) (876,712)
H-line  (876,689) (877,689)
V-line  (724,70) (724,87)
H-line  (717,70) (724,70)
V-line  (959,768) (959,789)
H-line  (959,768) (962,768)
V-line  (423,558) (423,573)
H-line  (423,558) (432,558)
V-line  (926,447) (926,455)
H-line  (926,447) (942,447)
V-line  (762,69) (762,70)
H-line  (762,69) (786,69)
V-line  (478,264) (478,288)
H-line  (477,264) (478,264)
V-line  (62,641) (62,659)
H-line  (55,641) (62,641)
V-line  (111,619) (111,633)
H-line  (100,619) (111,619)
H-line  (937,768) (962,768)
V-line  (441,760) (441,778)
H-line  (441,760) (448,760)
V-line  (591,11) (591,28)
H-line  (591,11) (599,11)
V-line  (690,464) (690,466)
H-line  (690,464) (713,464)
V-line  (145,718) (145,730)
H-line  (145,718) (158,718)
V-line  (507,743) (507,767)
H-line  (506,743) (507,743)
V-line  (458,309) (458,333)
H-line  (457,309) (458,309)
V-line  (430,958) (430,980)
H-line  (427,958) (430,958)
V-line  (641,889) (641,892)
H-line  (641,889) (664,889)
V-line  (760,308) (760,309)
H-line  (735,308) (760,308)
V-line  (151,306) (151,324)
H-line  (151,306) (159,306)
V-line  (334,294) (334,312)
H-line  (326,294) (334,294)
V-line  (973,206) (973,222)
H-line  (963,206) (973,206)
V-line  (161,324) (161,340)
H-line  (151,324) (161,324)
V-line  (64,212) (64,213)
H-line  (39,212) (64,212)
V-line  (555,122) (555,146)
H-line  (555,122) (557,122)
V-line  (531,120) (531,133)
H-line  (517,120) (531,120)
V-line  (923,28) (923,49)
H-line  (917,28) (923,28)
H-line  (948,139) (975,139)
V-line  (630,465) (630,477)
H-line  (630,465) (645,465)
V-line  (957,479) (957,504)
H-line  (955,479) (957,479)
V-line  (183,306) (183,329)
H-line  (183,306) (187,306)
V-line  (179,86) (179,110)
H-line  (179,86) (182,86)
V-line  (159,816) (159,825)
H-line  (159,816) (177,816)
V-line  (901,892) (901,918)
H-line  (900,892) (901,892)
V-line  (305,294) (305,301)
H-line  (305,294) (326,294)
V-line  (180,638) (180,652)
H-line  (166,638) (180,638)
V-line  (703,537) (703,553)
H-line  (703,537) (715,537)
V-line  (554,607) (554,615)
H-line  (554,607) (574,607)
V-line  (216,869) (216,896)
H-line  (216,869) (217,869)
V-line  (660,95) (660,99)
H-line  (660,95) (684,95)
V-line  (134,306) (134,309)
H-line  (134,306) (159,306)
V-line  (677,694) (677,696)
H-line  (677,694) (703,694)
V-line  (313,58) (313,77)
H-line  (313,58) (322,58)
V-line  (653,863) (653,868)
H-line  (630,863) (653,863)
V-line  (630,842) (630,863)
H-line  (630,842) (637,842)
V-line  (882,256) (882,262)
H-line  (860,256) (882,256)
V-line  (381,173) (381,184)
H-line  (381,173) (398,173)
V-line  (231,596) (231,601)
H-line  (231,596) (255,596)
V-line  (778,918) (778,922)
H-line  (778,918) (803,918)
V-line  (951,139) (951,165)
H-line  (948,139) (951,139)
V-line  (23,14) (23,23)
H-line  (23,14) (43,14)
V-line  (853,829) (853,846)
H-line  (841,829) (853,829)
V-line  (953,932) (953,952)
H-line  (944,932) (953,932)
V-line  (758,309) (758,336)
H-line  (758,309) (760,309)
V-line  (615,654) (615,683)
V-line  (440,636) (440,660)
H-line  (435,636) (440,636)
V-line  (273,351) (273,359)
H-line  (273,351) (295,351)
V-line  (411,70) (411,99)
H-line  (410,70) (411,70)
V-line  (750,860) (750,890)
V-line  (18,406) (18,434)
H-line  (16,406) (18,406)
V-line  (349,36) (349,62)
H-line  (349,36) (353,36)
V-line  (536,545) (536,560)
H-line  (536,545) (551,545)
V-line  (25,23) (25,51)
H-line  (23,23) (25,23)
V-line  (119,479) (119,485)
H-line  (95,479) (119,479)
V-line  (482,474) (482,486)
H-line  (482,474) (500,474)
V-line  (622,393) (622,416)
H-line  (622,393) (630,393)
V-line  (475,591) (475,592)
H-line  (445,591) (475,591)
V-line  (718,54) (718,56)
H-line  (718,54) (747,54)
V-line  (46,488) (46,509)
H-line  (36,488) (46,488)
V-line  (942,426) (942,447)
H-line  (932,426) (942,426)
V-line  (588,561) (588,588)
H-line  (588,561) (592,561)
V-line  (555,138) (555,146)
H-line  (532,138) (555,138)
V-line  (762,54) (762,70)
H-line  (747,54) (762,54)
V-line  (349,58) (349,62)
H-line  (322,58) (349,58)
V-line  (422,830) (422,843)
H-line  (422,830) (440,830)
V-line  (615,623) (615,654)
H-line  (614,623) (615,623)
V-line  (111,360) (111,391)
H-line  (110,360) (111,360)
V-line  (95,453) (95,479)
H-line  (89,453) (95,453)
V-line  (715,510) (715,537)
H-line  (715,510) (720,510)
V-line  (89,440) (89,453)
H-line  (70,440) (89,440)
V-line  (659,465) (659,483)
H-line  (645,465) (659,465)
V-line  (664,868) (664,889)
H-line  (653,868) (664,868)
V-line  (851,9) (851,16)
H-line  (851,9) (876,9)
V-line  (817,236) (817,261)
H-line  (817,236) (824,236)
V-line  (366,333) (366,349)
H-line  (350,333) (366,333)
V-line  (60,59) (60,86)
H-line  (60,59) (65,59)
V-line  (533,307) (533,338)
H-line  (533,307) (534,307)
V-line  (311,856) (311,878)
H-line  (301,856) (311,856)
V-line  (435,633) (435,636)
H-line  (406,633) (435,633)
H-line  (142,623) (175,623)
V-line  (146,430) (146,436)
H-line  (146,430) (173,430)
V-line  (718,31) (718,56)
H-line  (710,31) (718,31)
V-line  (65,30) (65,59)
H-line  (65,30) (69,30)
V-line  (394,633) (394,654)
H-line  (394,633) (406,633)
V-line  (344,95) (344,115)
H-line  (331,95) (344,95)
V-line  (161,329) (161,340)
H-line  (161,329) (183,329)
V-line  (275,414) (275,435)
H-line  (275,414) (287,414)
V-line  (202,145) (202,160)
H-line  (183,145) (202,145)
V-line  (134,901) (134,928)
H-line  (127,901) (134,901)
V-line  (955,575) (955,593)
H-line  (939,575) (955,575)
V-line  (85,213) (85,226)
H-line  (64,213) (85,213)
V-line  (182,76) (182,86)
H-line  (158,76) (182,76)
H-line  (183,869) (217,869)
V-line  (599,3) (599,11)
H-line  (599,3) (625,3)
V-line  (990,222) (990,239)
H-line  (973,222) (990,222)
V-line  (857,970) (857,975)
H-line  (828,970) (857,970)
V-line  (255,585) (255,596)
H-line  (255,585) (278,585)
V-line  (273,343) (273,359)
H-line  (255,343) (273,343)
V-line  (630,459) (630,477)
H-line  (614,459) (630,459)
V-line  (255,564) (255,596)
H-line  (252,564) (255,564)
V-line  (361,547) (361,569)
H-line  (361,547) (374,547)
V-line  (485,592) (485,617)
H-line  (475,592) (485,592)
V-line  (100,613) (100,619)
H-line  (71,613) (100,613)
V-line  (517,86) (517,120)
H-line  (517,86) (518,86)
V-line  (839,353) (839,388)
V-line  (673,339) (673,366)
H-line  (673,339) (681,339)
V-line  (331,86) (331,95)
H-line  (305,86) (331,86)
V-line  (831,369) (831,380)
H-line  (807,369) (831,369)
V-line  (831,256) (831,262)
H-line  (831,256) (860,256)
V-line  (681,317) (681,338)
H-line  (681,317) (695,317)
V-line  (40,406) (40,417)
H-line  (16,406) (40,406)
V-line  (39,114) (39,129)
H-line  (39,114) (60,114)
V-line  (327,951) (327,973)
H-line  (327,951) (341,951)
V-line  (614,561) (614,575)
H-line  (592,561) (614,561)
V-line  (551,513) (551,545)
H-line  (551,513) (555,513)
V-line  (61,340) (61,349)
H-line  (61,340) (88,340)
V-line  (88,304) (88,340)
V-line  (660,75) (660,99)
H-line  (648,75) (660,75)
V-line  (614,619) (614,623)
H-line  (582,619) (614,619)
V-line  (755,205) (755,209)
H-line  (723,205) (755,205)
V-line  (202,158) (202,160)
H-line  (202,158) (236,158)
V-line  (406,628) (406,633)
H-line  (375,628) (406,628)
V-line  (563,416) (563,420)
H-line  (531,416) (563,416)
V-line  (699,308) (699,309)
H-line  (699,308) (735,308)
V-line  (932,393) (932,426)
H-line  (932,393) (936,393)
V-line  (817,19) (817,40)
H-line  (817,19) (833,19)
V-line  (964,789) (964,821)
H-line  (959,789) (964,789)
V-line  (563,391) (563,420)
H-line  (555,391) (563,391)
V-line  (545,352) (545,370)
H-line  (526,352) (545,352)
V-line  (671,781) (671,799)
H-line  (671,781) (690,781)
V-line  (501,14) (501,30)
H-line  (501,14) (522,14)
V-line  (341,344) (341,377)
H-line  (336,344) (341,344)
V-line  (259,359) (259,383)
H-line  (259,359) (273,359)
V-line  (100,583) (100,619)
H-line  (100,583) (102,583)
V-line  (159,814) (159,825)
H-line  (132,814) (159,814)
V-line  (982,479) (982,490)
H-line  (955,479) (982,479)
V-line  (457,218) (457,245)
H-line  (457,218) (468,218)
V-line  (691,853) (691,872)
H-line  (691,853) (710,853)
V-line  (521,138) (521,165)
H-line  (521,138) (532,138)
V-line  (36,482) (36,488)
H-line  (3,482) (36,482)
V-line  (481,875) (481,911)
H-line  (481,875) (484,875)
V-line  (981,952) (981,963)
H-line  (953,952) (981,952)
V-line  (775,348) (775,377)
H-line  (765,348) (775,348)
V-line  (303,777) (303,789)
H-line  (303,777) (330,777)
V-line  (430,974) (430,980)
H-line  (397,974) (430,974)
V-line  (62,146) (62,169)
H-line  (62,146) (78,146)
V-line  (71,585) (71,613)
H-line  (60,585) (71,585)
V-line  (183,110) (183,145)
H-line  (179,110) (183,110)
V-line  (477,245) (477,264)
H-line  (457,245) (477,245)
V-line  (395,756) (395,763)
H-line  (363,756) (395,756)
V-line  (690,366) (690,388)
H-line  (673,366) (690,366)
V-line  (775,369) (775,377)
H-line  (775,369) (807,369)
V-line  (161,682) (161,718)
H-line  (161,682) (165,682)
V-line  (304,156) (304,165)
H-line  (304,156) (335,156)
V-line  (445,573) (445,591)
H-line  (423,573) (445,573)
V-line  (416,173) (416,200)
H-line  (402,173) (416,173)
V-line  (188,948) (188,974)
H-line  (173,948) (188,948)
V-line  (111,623) (111,633)
H-line  (111,623) (142,623)
V-line  (951,249) (951,255)
H-line  (951,249) (986,249)
V-line  (231,343) (231,360)
H-line  (231,343) (255,343)
V-line  (560,733) (560,754)
H-line  (540,733) (560,733)
V-line  (937,749) (937,768)
H-line  (914,749) (937,749)
V-line  (167,974) (167,995)
H-line  (167,974) (188,974)
V-line  (691,868) (691,872)
H-line  (653,868) (691,868)
V-line  (327,960) (327,973)
H-line  (298,960) (327,960)
V-line  (540,705) (540,733)
H-line  (526,705) (540,705)
V-line  (814,416) (814,449)
H-line  (805,416) (814,416)
V-line  (597,705) (597,733)
H-line  (583,705) (597,705)
V-line  (165,673) (165,682)
H-line  (132,673) (165,673)
V-line  (218,923) (218,942)
H-line  (195,923) (218,923)
V-line  (507,474) (507,509)
H-line  (500,474) (507,474)
V-line  (110,340) (110,360)
H-line  (88,340) (110,340)
V-line  (457,288) (457,309)
H-line  (457,288) (478,288)
V-line  (104,226) (104,249)
H-line  (85,226) (104,226)
V-line  (926,248) (926,282)
H-line  (917,248) (926,248)
V-line  (38,693) (38,725)
H-line  (27,693) (38,693)
V-line  (336,156) (336,198)
H-line  (335,156) (336,156)
V-line  (614,547) (614,575)
H-line  (614,547) (630,547)
V-line  (15,894) (15,930)
H-line  (15,894) (23,894)
V-line  (119,468) (119,485)
H-line  (119,468) (146,468)
V-line  (799,555) (799,592)
H-line  (799,555) (806,555)
V-line  (492,767) (492,796)
H-line  (492,767) (507,767)
V-line  (75,349) (75,379)
H-line  (61,349) (75,349)
V-line  (56,417) (56,445)
H-line  (40,417) (56,417)
V-line  (187,273) (187,306)
H-line  (176,273) (187,273)
V-line  (55,613) (55,641)
H-line  (55,613) (71,613)
V-line  (506,733) (506,743)
H-line  (506,733) (540,733)
V-line  (763,794) (763,805)
H-line  (729,794) (763,794)
V-line  (955,447) (955,479)
H-line  (942,447) (955,447)
V-line  (791,757) (791,786)
H-line  (775,757) (791,757)
V-line  (165,638) (165,682)
H-line  (165,638) (166,638)
V-line  (418,778) (418,800)
H-line  (418,778) (441,778)
V-line  (765,197) (765,203)
H-line  (765,197) (805,197)
V-line  (255,727) (255,736)
H-line  (218,727) (255,727)
V-line  (482,452) (482,486)
H-line  (470,452) (482,452)
V-line  (702,205) (702,230)
H-line  (702,205) (723,205)
V-line  (64,169) (64,213)
H-line  (62,169) (64,169)
V-line  (763,786) (763,805)
H-line  (763,786) (791,786)
V-line  (663,416) (663,422)
H-line  (622,416) (663,416)
V-line  (750,853) (750,860)
H-line  (710,853) (750,853)
V-line  (794,114) (794,151)
H-line  (794,114) (804,114)
V-line  (422,800) (422,843)
H-line  (418,800) (422,800)
V-line  (244,792) (244,837)
H-line  (242,792) (244,792)
V-line  (435,597) (435,636)
H-line  (435,597) (443,597)
V-line  (808,894) (808,922)
H-line  (808,894) (827,894)
V-line  (175,582) (175,623)
H-line  (175,582) (181,582)
V-line  (173,923) (173,948)
H-line  (173,923) (195,923)
V-line  (218,896) (218,942)
H-line  (216,896) (218,896)
V-line  (10,70) (10,109)
H-line  (10,70) (19,70)
V-line  (637,814) (637,842)
H-line  (617,814) (637,814)
V-line  (882,248) (882,262)
H-line  (882,248) (917,248)
V-line  (757,805) (757,848)
H-line  (757,805) (763,805)
V-line  (11,558) (11,598)
H-line  (11,558) (20,558)
V-line  (902,712) (902,735)
H-line  (876,712) (902,712)
V-line  (39,109) (39,129)
H-line  (10,109) (39,109)
V-line  (134,854) (134,887)
H-line  (118,854) (134,854)
V-line  (330,735) (330,777)
H-line  (323,735) (330,735)
V-line  (364,198) (364,219)
H-line  (336,198) (364,198)
V-line  (805,369) (805,416)
H-line  (805,369) (807,369)
V-line  (409,428) (409,454)
H-line  (409,428) (432,428)
V-line  (335,115) (335,156)
H-line  (335,115) (344,115)
V-line  (554,359) (554,377)
H-line  (554,359) (586,359)
V-line  (78,114) (78,146)
H-line  (60,114) (78,114)
V-line  (930,918) (930,939)
H-line  (901,918) (930,918)
V-line  (448,737) (448,760)
H-line  (421,737) (448,737)
V-line  (205,360) (205,384)
H-line  (205,360) (231,360)
V-line  (218,715) (218,727)
H-line  (180,715) (218,715)
V-line  (916,710) (916,733)
H-line  (916,710) (943,710)
V-line  (614,416) (614,459)
H-line  (614,416) (622,416)
V-line  (227,54) (227,93)
H-line  (215,54) (227,54)
V-line  (475,778) (475,795)
H-line  (441,778) (475,778)
V-line  (609,887) (609,913)
H-line  (584,887) (609,887)
V-line  (818,261) (818,311)
H-line  (817,261) (818,261)
V-line  (926,255) (926,282)
H-line  (926,255) (951,255)
V-line  (364,184) (364,219)
H-line  (364,184) (381,184)
V-line  (227,86) (227,93)
H-line  (182,86) (227,86)
V-line  (962,741) (962,768)
H-line  (962,741) (987,741)
V-line  (395,737) (395,763)
H-line  (395,737) (421,737)
V-line  (54,747) (54,785)
H-line  (54,747) (68,747)
V-line  (215,24) (215,54)
H-line  (215,24) (238,24)
V-line  (851,494) (851,521)
H-line  (825,494) (851,494)
V-line  (963,165) (963,206)
H-line  (951,165) (963,165)
V-line  (841,788) (841,829)
H-line  (829,788) (841,788)
V-line  (720,464) (720,510)
H-line  (713,464) (720,464)
V-line  (187,300) (187,306)
H-line  (187,300) (234,300)
V-line  (918,49) (918,97)
H-line  (918,49) (923,49)
V-line  (3,434) (3,472)
H-line  (3,434) (18,434)
V-line  (118,814) (118,854)
H-line  (118,814) (132,814)
V-line  (860,71) (860,114)
H-line  (849,71) (860,71)
V-line  (926,455) (926,509)
V-line  (610,69) (610,90)
H-line  (577,69) (610,69)
V-line  (14,212) (14,241)
H-line  (14,212) (39,212)
V-line  (481,899) (481,911)
H-line  (439,899) (481,899)
V-line  (911,939) (911,974)
H-line  (911,939) (930,939)
V-line  (351,377) (351,421)
H-line  (341,377) (351,377)
V-line  (829,752) (829,788)
H-line  (829,752) (847,752)
V-line  (583,683) (583,705)
H-line  (583,683) (615,683)
V-line  (287,387) (287,414)
H-line  (260,387) (287,387)
V-line  (158,61) (158,76)
H-line  (119,61) (158,61)
V-line  (577,28) (577,69)
H-line  (577,28) (591,28)
V-line  (526,663) (526,705)
H-line  (526,663) (539,663)
V-line  (857,974) (857,975)
H-line  (857,974) (911,974)
V-line  (16,364) (16,406)
H-line  (3,364) (16,364)
V-line  (739,209) (739,248)
H-line  (739,209) (755,209)
V-line  (618,892) (618,924)
H-line  (618,892) (641,892)
V-line  (943,671) (943,710)
H-line  (943,671) (960,671)
V-line  (863,135) (863,173)
H-line  (845,135) (863,135)
V-line  (14,198) (14,241)
H-line  (1,198) (14,198)
V-line  (833,423) (833,448)
H-line  (833,423) (864,423)
V-line  (778,887) (778,922)
H-line  (756,887) (778,887)
V-line  (877,644) (877,689)
H-line  (877,644) (889,644)
V-line  (816,933) (816,977)
H-line  (803,933) (816,933)
V-line  (805,151) (805,197)
H-line  (794,151) (805,151)
V-line  (849,16) (849,71)
H-line  (849,16) (851,16)
V-line  (297,531) (297,579)
H-line  (297,531) (306,531)
V-line  (560,733) (560,754)
H-line  (560,733) (597,733)
V-line  (708,553) (708,606)
H-line  (703,553) (708,553)
V-line  (710,2) (710,31)
H-line  (710,2) (739,2)
V-line  (824,197) (824,236)
H-line  (805,197) (824,197)
V-line  (684,70) (684,95)
H-line  (684,70) (717,70)
V-line  (217,843) (217,869)
H-line  (217,843) (250,843)
V-line  (997,139) (997,176)
H-line  (975,139) (997,139)
V-line  (101,747) (101,773)
H-line  (68,747) (101,747)
V-line  (557,66) (557,122)
H-line  (557,66) (560,66)
V-line  (499,30) (499,87)
H-line  (499,30) (501,30)
V-line  (183,816) (183,869)
H-line  (177,816) (183,816)
V-line  (185,160) (185,203)
H-line  (185,160) (202,160)
V-line  (295,301) (295,351)
H-line  (295,301) (305,301)
V-line  (412,465) (412,515)
H-line  (402,465) (412,465)
V-line  (632,1) (632,16)
H-line  (632,1) (677,1)
V-line  (786,40) (786,69)
H-line  (786,40) (817,40)
V-line  (917,9) (917,28)
H-line  (876,9) (917,9)
V-line  (294,579) (294,637)
H-line  (294,579) (297,579)
V-line  (663,388) (663,422)
H-line  (663,388) (690,388)
V-line  (295,435) (295,477)
H-line  (275,435) (295,435)
V-line  (470,428) (470,452)
H-line  (432,428) (470,428)
V-line  (929,783) (929,825)
H-line  (929,783) (949,783)
V-line  (632,212) (632,256)
H-line  (614,212) (632,212)
V-line  (432,515) (432,558)
H-line  (412,515) (432,515)
V-line  (839,311) (839,353)
H-line  (818,311) (839,311)
V-line  (878,509) (878,524)
H-line  (878,509) (926,509)
V-line  (231,300) (231,360)
H-line  (231,300) (234,300)
V-line  (586,310) (586,359)
H-line  (586,310) (600,310)
V-line  (710,1) (710,31)
H-line  (677,1) (710,1)
V-line  (804,69) (804,114)
H-line  (786,69) (804,69)
V-line  (355,569) (355,628)
H-line  (355,569) (360,569)
V-line  (409,349) (409,370)
H-line  (366,349) (409,349)
V-line  (23,830) (23,894)
V-line  (944,888) (944,932)
H-line  (944,888) (965,888)
V-line  (306,477) (306,531)
H-line  (295,477) (306,477)
V-line  (393,843) (393,879)
H-line  (393,843) (422,843)
V-line  (70,379) (70,440)
H-line  (70,379) (75,379)
V-line  (218,913) (218,942)
H-line  (218,913) (255,913)
V-line  (360,628) (360,689)
H-line  (355,628) (360,628)
V-line  (624,924) (624,986)
H-line  (618,924) (624,924)
V-line  (965,821) (965,888)
H-line  (964,821) (965,821)
V-line  (281,913) (281,955)
H-line  (255,913) (281,913)
V-line  (242,736) (242,792)
H-line  (242,736) (255,736)
V-line  (301,789) (301,856)
H-line  (301,789) (303,789)
V-line  (323,693) (323,735)
H-line  (323,693) (350,693)
V-line  (847,712) (847,752)
H-line  (847,712) (876,712)
V-line  (733,348) (733,385)
H-line  (733,348) (765,348)
V-line  (630,477) (630,547)
V-line  (363,689) (363,756)
H-line  (360,689) (363,689)
V-line  (960,610) (960,671)
H-line  (951,610) (960,610)
V-line  (439,830) (439,899)
H-line  (439,830) (440,830)
V-line  (563,913) (563,938)
H-line  (563,913) (609,913)
V-line  (427,899) (427,958)
H-line  (427,899) (439,899)
V-line  (221,582) (221,613)
H-line  (181,582) (221,582)
V-line  (88,249) (88,304)
H-line  (88,249) (104,249)
V-line  (702,188) (702,230)
H-line  (672,188) (702,188)
V-line  (132,773) (132,814)
H-line  (101,773) (132,773)
V-line  (380,219) (380,275)
H-line  (364,219) (380,219)
V-line  (554,545) (554,615)
H-line  (551,545) (554,545)
V-line  (740,606) (740,649)
H-line  (708,606) (740,606)
V-line  (110,309) (110,360)
H-line  (110,309) (134,309)
V-line  (409,422) (409,454)
H-line  (366,422) (409,422)
V-line  (20,509) (20,558)
H-line  (20,509) (46,509)
V-line  (119,5) (119,61)
H-line  (119,5) (138,5)
V-line  (27,638) (27,693)
H-line  (27,638) (48,638)
V-line  (238,482) (238,555)
H-line  (238,482) (241,482)
V-line  (23,785) (23,830)
H-line  (23,785) (54,785)
V-line  (637,799) (637,842)
H-line  (637,799) (671,799)
V-line  (181,518) (181,582)
H-line  (181,518) (196,518)
V-line  (176,203) (176,273)
H-line  (176,203) (185,203)
V-line  (939,509) (939,575)
H-line  (926,509) (939,509)
V-line  (468,155) (468,218)
H-line  (452,155) (468,155)
V-line  (806,494) (806,555)
H-line  (806,494) (825,494)
V-line  (735,890) (735,956)
H-line  (735,890) (750,890)
V-line  (452,108) (452,155)
H-line  (418,108) (452,108)
V-line  (402,108) (402,173)
H-line  (402,108) (418,108)
V-line  (703,649) (703,694)
H-line  (703,649) (740,649)
V-line  (366,275) (366,349)
H-line  (366,275) (380,275)
V-line  (500,416) (500,474)
H-line  (500,416) (531,416)
V-line  (234,245) (234,300)
H-line  (234,245) (270,245)
V-line  (506,911) (506,978)
H-line  (481,911) (506,911)
V-line  (68,785) (68,868)
H-line  (54,785) (68,785)
V-line  (54,894) (54,965)
H-line  (23,894) (54,894)
V-line  (95,928) (95,996)
H-line  (95,928) (134,928)
V-line  (632,188) (632,256)
H-line  (632,188) (672,188)
V-line  (989,249) (989,356)
H-line  (986,249) (989,249)
