NumRoutedPins = 100

WireLength = 854

H-line  (0,47) (1,47)
H-line  (35,67) (36,67)
H-line  (16,0) (17,0)
H-line  (11,58) (12,58)
V-line  (19,95) (19,96)
H-line  (18,95) (19,95)
V-line  (91,69) (91,70)
H-line  (91,69) (92,69)
V-line  (92,70) (92,71)
H-line  (91,70) (92,70)
V-line  (89,92) (89,94)
H-line  (88,92) (89,92)
V-line  (74,42) (74,45)
H-line  (49,51) (52,51)
V-line  (97,12) (97,14)
H-line  (97,12) (98,12)
H-line  (47,16) (50,16)
V-line  (49,41) (49,43)
H-line  (48,41) (49,41)
V-line  (41,79) (41,80)
H-line  (39,79) (41,79)
V-line  (67,34) (67,36)
H-line  (67,34) (68,34)
V-line  (8,74) (8,77)
H-line  (7,74) (8,74)
V-line  (61,53) (61,56)
H-line  (60,53) (61,53)
V-line  (72,21) (72,22)
H-line  (72,21) (75,21)
V-line  (74,72) (74,74)
H-line  (72,72) (74,72)
V-line  (53,16) (53,17)
H-line  (50,16) (53,16)
V-line  (98,8) (98,12)
H-line  (98,8) (99,8)
V-line  (8,77) (8,82)
V-line  (30,85) (30,90)
V-line  (74,73) (74,74)
H-line  (74,73) (78,73)
V-line  (37,79) (37,82)
H-line  (37,79) (39,79)
H-line  (30,67) (35,67)
V-line  (30,12) (30,15)
H-line  (28,12) (30,12)
V-line  (55,67) (55,72)
H-line  (55,67) (56,67)
V-line  (70,10) (70,12)
H-line  (70,10) (74,10)
V-line  (79,10) (79,14)
H-line  (79,10) (81,10)
V-line  (52,49) (52,51)
H-line  (52,49) (56,49)
V-line  (74,40) (74,42)
H-line  (70,40) (74,40)
V-line  (88,90) (88,92)
H-line  (88,90) (93,90)
V-line  (73,91) (73,92)
H-line  (67,91) (73,91)
V-line  (36,63) (36,67)
H-line  (36,63) (39,63)
V-line  (46,22) (46,27)
H-line  (46,22) (48,22)
V-line  (81,37) (81,42)
H-line  (79,37) (81,37)
V-line  (23,12) (23,14)
H-line  (23,12) (28,12)
H-line  (74,42) (81,42)
V-line  (9,82) (9,88)
H-line  (8,82) (9,82)
H-line  (74,10) (81,10)
V-line  (70,36) (70,40)
H-line  (67,36) (70,36)
V-line  (67,91) (67,98)
V-line  (3,85) (3,90)
H-line  (1,85) (3,85)
V-line  (48,16) (48,22)
H-line  (47,16) (48,16)
V-line  (49,43) (49,51)
V-line  (66,12) (66,16)
H-line  (66,12) (70,12)
V-line  (78,45) (78,49)
H-line  (74,45) (78,45)
V-line  (3,88) (3,90)
H-line  (3,88) (9,88)
V-line  (60,49) (60,53)
H-line  (56,49) (60,49)
V-line  (86,70) (86,73)
H-line  (86,70) (91,70)
H-line  (78,73) (86,73)
V-line  (30,61) (30,67)
H-line  (30,61) (32,61)
V-line  (37,15) (37,17)
H-line  (30,15) (37,15)
V-line  (82,21) (82,23)
H-line  (75,21) (82,21)
V-line  (66,10) (66,16)
H-line  (63,10) (66,10)
V-line  (74,1) (74,10)
V-line  (28,3) (28,12)
H-line  (27,3) (28,3)
V-line  (30,82) (30,85)
H-line  (30,82) (37,82)
H-line  (18,30) (28,30)
V-line  (46,0) (46,6)
H-line  (42,0) (46,0)
V-line  (86,23) (86,29)
H-line  (82,23) (86,23)
V-line  (30,63) (30,67)
H-line  (24,63) (30,63)
V-line  (81,73) (81,81)
H-line  (78,73) (81,73)
V-line  (75,14) (75,21)
H-line  (75,14) (79,14)
V-line  (37,16) (37,17)
H-line  (37,16) (47,16)
V-line  (47,6) (47,16)
H-line  (46,6) (47,6)
V-line  (19,43) (19,44)
H-line  (9,43) (19,43)
V-line  (30,80) (30,85)
H-line  (24,80) (30,80)
V-line  (74,0) (74,1)
H-line  (74,0) (84,0)
V-line  (39,62) (39,63)
H-line  (39,62) (49,62)
V-line  (49,51) (49,62)
V-line  (63,0) (63,10)
H-line  (62,0) (63,0)
V-line  (91,58) (91,70)
V-line  (21,44) (21,54)
H-line  (19,44) (21,44)
V-line  (24,54) (24,63)
H-line  (21,54) (24,54)
V-line  (1,43) (1,47)
H-line  (1,43) (9,43)
V-line  (3,5) (3,12)
H-line  (3,5) (8,5)
V-line  (54,27) (54,31)
H-line  (46,27) (54,27)
V-line  (56,62) (56,67)
H-line  (49,62) (56,62)
V-line  (81,94) (81,98)
H-line  (81,94) (89,94)
V-line  (35,90) (35,98)
H-line  (30,90) (35,90)
V-line  (8,0) (8,5)
H-line  (8,0) (16,0)
V-line  (27,0) (27,3)
H-line  (17,0) (27,0)
V-line  (12,54) (12,58)
H-line  (12,54) (21,54)
V-line  (81,92) (81,98)
H-line  (73,92) (81,92)
V-line  (53,16) (53,17)
H-line  (53,16) (66,16)
V-line  (39,67) (39,79)
H-line  (36,67) (39,67)
V-line  (4,30) (4,31)
H-line  (4,30) (18,30)
V-line  (79,29) (79,37)
H-line  (79,29) (86,29)
V-line  (19,30) (19,44)
H-line  (18,30) (19,30)
V-line  (48,31) (48,41)
H-line  (48,31) (54,31)
V-line  (18,88) (18,95)
H-line  (9,88) (18,88)
V-line  (81,81) (81,98)
V-line  (19,90) (19,96)
H-line  (19,90) (30,90)
V-line  (35,96) (35,98)
H-line  (35,96) (50,96)
H-line  (55,72) (72,72)
H-line  (79,14) (97,14)
V-line  (98,37) (98,38)
H-line  (79,37) (98,37)
