NumRoutedPins = 1000

WireLength = 3034292

V-line  (12003,37729) (12003,37831)
H-line  (12003,37729) (12009,37729)
V-line  (22419,13650) (22419,13705)
H-line  (22328,13650) (22419,13650)
V-line  (88477,52989) (88477,53032)
H-line  (88477,52989) (88590,52989)
V-line  (22354,13705) (22354,13865)
H-line  (22354,13705) (22419,13705)
V-line  (98797,55090) (98797,55163)
H-line  (98797,55090) (98955,55090)
V-line  (22546,91258) (22546,91461)
H-line  (22546,91258) (22586,91258)
V-line  (19440,51633) (19440,51835)
H-line  (19440,51633) (19499,51633)
V-line  (50749,54766) (50749,54928)
H-line  (50644,54766) (50749,54766)
V-line  (2872,28233) (2872,28474)
H-line  (2846,28233) (2872,28233)
V-line  (46249,46799) (46249,46873)
H-line  (46249,46799) (46449,46799)
V-line  (71597,8264) (71597,8307)
H-line  (71597,8264) (71854,8264)
V-line  (6696,87832) (6696,87963)
H-line  (6517,87832) (6696,87832)
H-line  (65631,56423) (65947,56423)
V-line  (97109,18393) (97109,18602)
H-line  (97109,18393) (97249,18393)
V-line  (88515,85287) (88515,85484)
H-line  (88340,85287) (88515,85287)
V-line  (31277,45517) (31277,45577)
H-line  (30964,45517) (31277,45517)
V-line  (69954,78842) (69954,79137)
H-line  (69954,78842) (70046,78842)
V-line  (83286,95336) (83286,95380)
H-line  (83286,95336) (83641,95336)
V-line  (88382,39993) (88382,40004)
H-line  (87977,39993) (88382,39993)
V-line  (49573,44635) (49573,44865)
H-line  (49381,44635) (49573,44635)
V-line  (19642,33875) (19642,34308)
H-line  (19605,33875) (19642,33875)
V-line  (12136,91301) (12136,91305)
H-line  (12136,91301) (12616,91301)
V-line  (75283,79168) (75283,79211)
H-line  (74840,79168) (75283,79168)
V-line  (24531,21336) (24531,21822)
H-line  (24531,21336) (24539,21336)
V-line  (97709,16279) (97709,16762)
H-line  (97697,16279) (97709,16279)
V-line  (65738,74718) (65738,74985)
H-line  (65508,74718) (65738,74718)
V-line  (83257,64299) (83257,64371)
H-line  (82831,64299) (83257,64299)
V-line  (62349,14593) (62349,14643)
H-line  (61860,14593) (62349,14593)
V-line  (15441,5762) (15441,6292)
H-line  (15441,5762) (15458,5762)
V-line  (66682,65138) (66682,65662)
H-line  (66650,65138) (66682,65138)
V-line  (62882,40307) (62882,40808)
H-line  (62882,40307) (62938,40307)
V-line  (9709,93150) (9709,93328)
H-line  (9709,93150) (10095,93150)
V-line  (69370,54857) (69370,54887)
H-line  (68815,54857) (69370,54857)
V-line  (69606,31869) (69606,32051)
H-line  (69193,31869) (69606,31869)
V-line  (96005,22557) (96005,22645)
H-line  (96005,22557) (96533,22557)
V-line  (27976,64571) (27976,65022)
H-line  (27976,64571) (28142,64571)
V-line  (96072,68883) (96072,68942)
H-line  (95511,68883) (96072,68883)
V-line  (15054,1775) (15054,2221)
H-line  (15054,1775) (15236,1775)
V-line  (43376,31332) (43376,31899)
H-line  (43376,31332) (43464,31332)
V-line  (80822,27218) (80822,27869)
H-line  (80822,27218) (80833,27218)
V-line  (71316,50899) (71316,51184)
H-line  (70937,50899) (71316,50899)
V-line  (62766,3567) (62766,3985)
H-line  (62518,3567) (62766,3567)
V-line  (36712,71156) (36712,71320)
H-line  (36200,71156) (36712,71156)
V-line  (67377,36315) (67377,36431)
H-line  (66817,36315) (67377,36315)
V-line  (66015,56423) (66015,57031)
H-line  (65947,56423) (66015,56423)
V-line  (45830,46873) (45830,47131)
H-line  (45830,46873) (46249,46873)
V-line  (87116,93415) (87116,93465)
H-line  (86489,93415) (87116,93415)
V-line  (17135,80268) (17135,80551)
H-line  (16734,80268) (17135,80268)
V-line  (4312,81179) (4312,81826)
H-line  (4312,81179) (4350,81179)
V-line  (64148,62165) (64148,62295)
H-line  (64148,62165) (64729,62165)
V-line  (85558,71148) (85558,71476)
H-line  (85165,71148) (85558,71148)
V-line  (36712,70905) (36712,71320)
H-line  (36712,70905) (37022,70905)
V-line  (38568,44578) (38568,45005)
H-line  (38568,44578) (38874,44578)
V-line  (74190,62473) (74190,62587)
H-line  (74190,62473) (74813,62473)
V-line  (40507,75334) (40507,75686)
H-line  (40113,75334) (40507,75334)
V-line  (98432,16279) (98432,16301)
H-line  (97697,16279) (98432,16279)
V-line  (44283,75435) (44283,75914)
H-line  (44283,75435) (44562,75435)
V-line  (47859,81183) (47859,81604)
H-line  (47518,81183) (47859,81183)
V-line  (2872,28453) (2872,28474)
H-line  (2872,28453) (3621,28453)
V-line  (67513,99273) (67513,99562)
H-line  (67513,99273) (67996,99273)
V-line  (36273,36937) (36273,37350)
H-line  (36273,36937) (36637,36937)
V-line  (4057,67640) (4057,67683)
H-line  (4057,67640) (4798,67640)
V-line  (17054,44300) (17054,44723)
H-line  (17054,44300) (17417,44300)
V-line  (71568,61302) (71568,61341)
H-line  (70812,61302) (71568,61302)
V-line  (28713,89075) (28713,89576)
H-line  (28713,89075) (29012,89075)
V-line  (50013,38864) (50013,39644)
H-line  (50013,38864) (50038,38864)
V-line  (67996,98633) (67996,99273)
H-line  (67996,98633) (68163,98633)
V-line  (3621,28289) (3621,28453)
H-line  (3621,28289) (4264,28289)
V-line  (24493,80139) (24493,80431)
H-line  (24493,80139) (25011,80139)
V-line  (41282,54936) (41282,54960)
H-line  (41282,54936) (42079,54936)
V-line  (2,94632) (2,95257)
H-line  (2,94632) (206,94632)
V-line  (59627,29885) (59627,30126)
H-line  (59037,29885) (59627,29885)
V-line  (47752,92312) (47752,92788)
H-line  (47752,92312) (48113,92312)
V-line  (50013,39594) (50013,39644)
H-line  (49215,39594) (50013,39594)
V-line  (71959,83886) (71959,84633)
H-line  (71856,83886) (71959,83886)
V-line  (42772,35636) (42772,36164)
H-line  (42772,35636) (43096,35636)
V-line  (71655,44333) (71655,44447)
H-line  (70914,44333) (71655,44333)
V-line  (25738,73061) (25738,73181)
H-line  (25001,73061) (25738,73061)
V-line  (97008,16762) (97008,16926)
H-line  (97008,16762) (97709,16762)
V-line  (6787,87963) (6787,88741)
H-line  (6696,87963) (6787,87963)
V-line  (95511,68840) (95511,68883)
H-line  (94674,68840) (95511,68840)
V-line  (99586,69669) (99586,70146)
H-line  (99586,69669) (99992,69669)
V-line  (42230,27197) (42230,27542)
H-line  (41666,27197) (42230,27197)
V-line  (3280,10748) (3280,11545)
H-line  (3159,10748) (3280,10748)
V-line  (15359,28654) (15359,28690)
H-line  (15359,28654) (16251,28654)
V-line  (26819,92182) (26819,92233)
H-line  (26819,92182) (27699,92182)
V-line  (95514,39797) (95514,40079)
H-line  (95514,39797) (96165,39797)
V-line  (95514,39154) (95514,40079)
H-line  (95514,39154) (95536,39154)
V-line  (70046,78819) (70046,78842)
H-line  (70046,78819) (70978,78819)
V-line  (82526,12366) (82526,12475)
H-line  (82526,12366) (83385,12366)
V-line  (80764,21301) (80764,22082)
H-line  (80569,21301) (80764,21301)
V-line  (35801,72951) (35801,73403)
H-line  (35801,72951) (36326,72951)
V-line  (28281,33405) (28281,34210)
H-line  (28104,33405) (28281,33405)
V-line  (17721,27944) (17721,28312)
H-line  (17104,27944) (17721,27944)
V-line  (95359,62239) (95359,62647)
H-line  (94774,62239) (95359,62239)
V-line  (97249,18338) (97249,18393)
H-line  (96308,18338) (97249,18338)
V-line  (37951,70905) (37951,70973)
H-line  (37022,70905) (37951,70905)
V-line  (12001,91305) (12001,92178)
H-line  (12001,91305) (12136,91305)
V-line  (12616,91219) (12616,91301)
H-line  (12616,91219) (13543,91219)
V-line  (90624,51515) (90624,52347)
H-line  (90624,51515) (90807,51515)
V-line  (75206,45593) (75206,46210)
H-line  (74807,45593) (75206,45593)
V-line  (68891,38094) (68891,39020)
H-line  (68891,38094) (68986,38094)
V-line  (59672,15046) (59672,15276)
H-line  (59672,15046) (60467,15046)
V-line  (75283,78544) (75283,79211)
H-line  (75283,78544) (75655,78544)
V-line  (41282,54028) (41282,54960)
H-line  (41156,54028) (41282,54028)
V-line  (89337,40004) (89337,40110)
H-line  (88382,40004) (89337,40004)
V-line  (59037,29159) (59037,29885)
H-line  (58697,29159) (59037,29159)
V-line  (45661,86734) (45661,87703)
H-line  (45563,86734) (45661,86734)
V-line  (27499,43955) (27499,44686)
H-line  (27162,43955) (27499,43955)
V-line  (53064,45045) (53064,45479)
H-line  (53064,45045) (53715,45045)
V-line  (60026,9145) (60026,10117)
H-line  (60026,9145) (60139,9145)
V-line  (48344,83373) (48344,83413)
H-line  (47294,83373) (48344,83373)
V-line  (83869,87516) (83869,87848)
H-line  (83869,87516) (84628,87516)
V-line  (36794,81708) (36794,82247)
H-line  (36242,81708) (36794,81708)
V-line  (8439,29709) (8439,30119)
H-line  (7753,29709) (8439,29709)
V-line  (22596,91461) (22596,92508)
H-line  (22546,91461) (22596,91461)
V-line  (3280,11326) (3280,11545)
H-line  (3280,11326) (4158,11326)
V-line  (49215,38796) (49215,39594)
H-line  (48913,38796) (49215,38796)
V-line  (84356,36926) (84356,37914)
H-line  (84356,36926) (84468,36926)
V-line  (979,55487) (979,56456)
H-line  (979,55487) (1114,55487)
V-line  (36351,82247) (36351,82908)
H-line  (36351,82247) (36794,82247)
V-line  (31573,77530) (31573,78091)
H-line  (31027,77530) (31573,77530)
V-line  (38874,44454) (38874,44578)
H-line  (38874,44454) (39858,44454)
V-line  (93321,38524) (93321,38525)
H-line  (93321,38524) (94428,38524)
V-line  (25861,80139) (25861,80403)
H-line  (25011,80139) (25861,80139)
V-line  (8439,29728) (8439,30119)
H-line  (8439,29728) (9166,29728)
V-line  (21852,43505) (21852,44193)
H-line  (21852,43505) (22282,43505)
V-line  (50523,16909) (50523,17774)
H-line  (50523,16909) (50781,16909)
V-line  (30650,21069) (30650,21096)
H-line  (29553,21069) (30650,21069)
V-line  (31220,57523) (31220,58407)
H-line  (30960,57523) (31220,57523)
V-line  (23047,6834) (23047,6922)
H-line  (21989,6834) (23047,6834)
V-line  (3311,80233) (3311,80787)
H-line  (2717,80233) (3311,80233)
V-line  (17434,98914) (17434,99812)
H-line  (17434,98914) (17702,98914)
V-line  (51188,24412) (51188,25535)
H-line  (51188,24412) (51233,24412)
V-line  (12474,22466) (12474,23626)
H-line  (12463,22466) (12474,22466)
V-line  (29835,89576) (29835,89626)
H-line  (28713,89576) (29835,89576)
V-line  (31573,77741) (31573,78091)
H-line  (31573,77741) (32406,77741)
V-line  (49887,44865) (49887,45736)
H-line  (49573,44865) (49887,44865)
V-line  (77725,2411) (77725,3010)
H-line  (77127,2411) (77725,2411)
V-line  (66569,10728) (66569,10859)
H-line  (66569,10728) (67637,10728)
V-line  (89490,26481) (89490,27147)
H-line  (88954,26481) (89490,26481)
V-line  (53158,29006) (53158,30169)
H-line  (53111,29006) (53158,29006)
V-line  (31413,21846) (31413,22833)
H-line  (31413,21846) (31651,21846)
V-line  (84575,46968) (84575,48104)
H-line  (84575,46968) (84666,46968)
V-line  (87544,34252) (87544,34517)
H-line  (87544,34252) (88508,34252)
V-line  (22294,34799) (22294,36004)
H-line  (22264,34799) (22294,34799)
V-line  (25777,13730) (25777,14135)
H-line  (25777,13730) (26607,13730)
V-line  (64148,62191) (64148,62295)
H-line  (63009,62191) (64148,62191)
V-line  (71063,37127) (71063,37142)
H-line  (71063,37127) (72299,37127)
V-line  (70056,23627) (70056,24724)
H-line  (69881,23627) (70056,23627)
V-line  (71392,51184) (71392,52394)
H-line  (71316,51184) (71392,51184)
V-line  (38832,42531) (38832,42998)
H-line  (38832,42531) (39652,42531)
V-line  (6517,87565) (6517,87832)
H-line  (5464,87565) (6517,87565)
V-line  (25741,5303) (25741,5542)
H-line  (24659,5303) (25741,5303)
V-line  (11257,43578) (11257,43744)
H-line  (10093,43578) (11257,43578)
V-line  (6787,88345) (6787,88741)
H-line  (6787,88345) (7722,88345)
V-line  (86070,4768) (86070,4919)
H-line  (86070,4768) (87252,4768)
V-line  (13803,58216) (13803,59149)
H-line  (13803,58216) (14212,58216)
V-line  (97008,15779) (97008,16926)
H-line  (96813,15779) (97008,15779)
V-line  (50985,43436) (50985,44386)
H-line  (50577,43436) (50985,43436)
V-line  (62553,10806) (62553,11379)
H-line  (61767,10806) (62553,10806)
V-line  (84666,46407) (84666,46968)
H-line  (84666,46407) (85469,46407)
V-line  (60877,43615) (60877,44750)
H-line  (60877,43615) (61111,43615)
V-line  (28650,75988) (28650,76565)
H-line  (28650,75988) (29443,75988)
V-line  (25741,5208) (25741,5542)
H-line  (25741,5208) (26781,5208)
V-line  (10147,71690) (10147,72956)
H-line  (10147,71690) (10257,71690)
V-line  (96072,68559) (96072,68942)
H-line  (96072,68559) (97070,68559)
V-line  (43243,51265) (43243,52033)
H-line  (43243,51265) (43860,51265)
V-line  (38488,20949) (38488,21000)
H-line  (37148,20949) (38488,20949)
V-line  (28484,44686) (28484,45094)
H-line  (27499,44686) (28484,44686)
V-line  (81172,95466) (81172,95815)
H-line  (80125,95466) (81172,95466)
V-line  (94382,55709) (94382,56411)
H-line  (94382,55709) (95078,55709)
V-line  (76253,25693) (76253,26512)
H-line  (76253,25693) (76835,25693)
V-line  (1852,98831) (1852,99986)
H-line  (1852,98831) (2110,98831)
V-line  (44563,31899) (44563,32128)
H-line  (43376,31899) (44563,31899)
V-line  (64876,65344) (64876,65817)
H-line  (63932,65344) (64876,65344)
V-line  (32044,10836) (32044,11426)
H-line  (31214,10836) (32044,10836)
V-line  (59672,14427) (59672,15276)
H-line  (59100,14427) (59672,14427)
V-line  (42720,67064) (42720,67382)
H-line  (42720,67064) (43828,67064)
V-line  (77549,61962) (77549,62539)
H-line  (76698,61962) (77549,61962)
V-line  (4350,80787) (4350,81179)
H-line  (3311,80787) (4350,80787)
V-line  (24714,21822) (24714,23071)
H-line  (24531,21822) (24714,21822)
V-line  (2152,9902) (2152,10032)
H-line  (846,9902) (2152,9902)
V-line  (88709,34252) (88709,35490)
H-line  (88508,34252) (88709,34252)
V-line  (23906,57684) (23906,58015)
H-line  (23906,57684) (25014,57684)
V-line  (65110,23463) (65110,23645)
H-line  (65110,23463) (66369,23463)
V-line  (64116,59536) (64116,59856)
H-line  (62992,59536) (64116,59536)
V-line  (19822,34308) (19822,35576)
H-line  (19642,34308) (19822,34308)
V-line  (32486,58407) (32486,58591)
H-line  (31220,58407) (32486,58407)
V-line  (44577,48279) (44577,48815)
H-line  (44577,48279) (45492,48279)
V-line  (36351,82612) (36351,82908)
H-line  (35175,82612) (36351,82612)
V-line  (42511,96966) (42511,97077)
H-line  (42511,96966) (43880,96966)
V-line  (35936,50658) (35936,50723)
H-line  (34518,50658) (35936,50658)
V-line  (45492,47131) (45492,48279)
H-line  (45492,47131) (45830,47131)
V-line  (5582,52849) (5582,52904)
H-line  (4149,52849) (5582,52849)
V-line  (70322,14548) (70322,14760)
H-line  (69045,14548) (70322,14548)
V-line  (95342,65719) (95342,66058)
H-line  (95342,65719) (96492,65719)
V-line  (18814,99812) (18814,99923)
H-line  (17434,99812) (18814,99812)
V-line  (41813,27542) (41813,28616)
H-line  (41813,27542) (42230,27542)
V-line  (67850,72136) (67850,72834)
H-line  (67850,72136) (68653,72136)
V-line  (11083,55331) (11083,56797)
H-line  (11046,55331) (11083,55331)
V-line  (42284,31899) (42284,32311)
H-line  (42284,31899) (43376,31899)
V-line  (47859,81446) (47859,81604)
H-line  (47859,81446) (49207,81446)
V-line  (14763,65929) (14763,66485)
H-line  (13810,65929) (14763,65929)
V-line  (1349,68731) (1349,69178)
H-line  (285,68731) (1349,68731)
V-line  (22034,38890) (22034,39325)
H-line  (22034,38890) (23112,38890)
V-line  (39858,43584) (39858,44454)
H-line  (39858,43584) (40501,43584)
V-line  (47792,79244) (47792,79369)
H-line  (47792,79244) (49181,79244)
V-line  (2162,51581) (2162,51696)
H-line  (2162,51581) (3562,51581)
V-line  (13668,15664) (13668,16260)
H-line  (12748,15664) (13668,15664)
V-line  (57259,84331) (57259,85407)
H-line  (56815,84331) (57259,84331)
V-line  (1202,97309) (1202,98072)
H-line  (442,97309) (1202,97309)
V-line  (43010,67382) (43010,68616)
H-line  (42720,67382) (43010,67382)
V-line  (82002,64299) (82002,64997)
H-line  (82002,64299) (82831,64299)
V-line  (87924,168) (87924,737)
H-line  (87924,168) (88884,168)
V-line  (76526,93702) (76526,94753)
H-line  (76526,93702) (77014,93702)
V-line  (29675,57523) (29675,57784)
H-line  (29675,57523) (30960,57523)
V-line  (30239,21096) (30239,22232)
H-line  (30239,21096) (30650,21096)
V-line  (988,58608) (988,59933)
H-line  (763,58608) (988,58608)
V-line  (46986,27950) (46986,28549)
H-line  (46034,27950) (46986,27950)
V-line  (13022,23626) (13022,24639)
H-line  (12474,23626) (13022,23626)
V-line  (97566,62118) (97566,63479)
H-line  (97566,62118) (97768,62118)
V-line  (16251,27944) (16251,28654)
H-line  (16251,27944) (17104,27944)
V-line  (5467,13185) (5467,13477)
H-line  (4185,13185) (5467,13185)
V-line  (5047,52904) (5047,53946)
H-line  (5047,52904) (5582,52904)
V-line  (25111,23071) (25111,24255)
H-line  (24714,23071) (25111,23071)
V-line  (53056,23496) (53056,24381)
H-line  (53056,23496) (53754,23496)
V-line  (56622,19123) (56622,19544)
H-line  (56622,19123) (57786,19123)
V-line  (7991,92041) (7991,93109)
H-line  (7991,92041) (8517,92041)
V-line  (32523,89200) (32523,89856)
H-line  (32523,89200) (33465,89200)
V-line  (94788,52143) (94788,52775)
H-line  (94788,52143) (95761,52143)
V-line  (13073,59149) (13073,60031)
H-line  (13073,59149) (13803,59149)
V-line  (43166,36164) (43166,37382)
H-line  (42772,36164) (43166,36164)
V-line  (39079,87516) (39079,87728)
H-line  (37677,87516) (39079,87516)
V-line  (46034,26633) (46034,27950)
H-line  (45734,26633) (46034,26633)
V-line  (32523,89422) (32523,89856)
H-line  (31337,89422) (32523,89422)
V-line  (38874,42998) (38874,44578)
H-line  (38832,42998) (38874,42998)
V-line  (35353,96535) (35353,97394)
H-line  (35353,96535) (36117,96535)
V-line  (24659,4049) (24659,5303)
H-line  (24659,4049) (25029,4049)
V-line  (37699,14651) (37699,14805)
H-line  (36229,14651) (37699,14651)
V-line  (21874,64197) (21874,64536)
H-line  (20584,64197) (21874,64197)
V-line  (9166,28990) (9166,29728)
H-line  (9166,28990) (10073,28990)
V-line  (9175,25695) (9175,27003)
H-line  (8836,25695) (9175,25695)
V-line  (39575,20417) (39575,21866)
H-line  (39575,20417) (39774,20417)
V-line  (61111,42927) (61111,43615)
H-line  (60150,42927) (61111,42927)
V-line  (10550,64346) (10550,64582)
H-line  (10550,64346) (11965,64346)
V-line  (8517,90391) (8517,92041)
H-line  (8517,90391) (8520,90391)
V-line  (68986,65350) (68986,66956)
H-line  (68938,65350) (68986,65350)
V-line  (87115,4768) (87115,6295)
H-line  (87115,4768) (87252,4768)
V-line  (50499,65664) (50499,67179)
H-line  (50347,65664) (50499,65664)
V-line  (2110,98072) (2110,98831)
H-line  (1202,98072) (2110,98072)
V-line  (36242,80149) (36242,81708)
H-line  (36127,80149) (36242,80149)
V-line  (17135,79049) (17135,80551)
H-line  (17135,79049) (17307,79049)
V-line  (24714,22901) (24714,23071)
H-line  (24714,22901) (26219,22901)
V-line  (31337,88079) (31337,89422)
H-line  (31002,88079) (31337,88079)
V-line  (40660,28616) (40660,29145)
H-line  (40660,28616) (41813,28616)
V-line  (98321,93703) (98321,94989)
H-line  (98321,93703) (98723,93703)
V-line  (66650,63955) (66650,65138)
H-line  (66650,63955) (67156,63955)
V-line  (744,51696) (744,51972)
H-line  (744,51696) (2162,51696)
V-line  (88995,7904) (88995,9313)
H-line  (88706,7904) (88995,7904)
V-line  (95536,37548) (95536,39154)
H-line  (95440,37548) (95536,37548)
V-line  (15654,80268) (15654,80893)
H-line  (15654,80268) (16734,80268)
V-line  (29835,89422) (29835,89626)
H-line  (29835,89422) (31337,89422)
V-line  (50023,19736) (50023,20432)
H-line  (50023,19736) (51033,19736)
V-line  (97249,16926) (97249,18393)
H-line  (97008,16926) (97249,16926)
V-line  (62467,62191) (62467,63359)
H-line  (62467,62191) (63009,62191)
V-line  (73605,35369) (73605,36199)
H-line  (72725,35369) (73605,35369)
V-line  (5973,41459) (5973,41509)
H-line  (4303,41459) (5973,41459)
V-line  (96165,39506) (96165,39797)
H-line  (96165,39506) (97595,39506)
V-line  (61425,91895) (61425,92835)
H-line  (60643,91895) (61425,91895)
V-line  (3159,10032) (3159,10748)
H-line  (2152,10032) (3159,10032)
V-line  (1960,41072) (1960,41566)
H-line  (723,41072) (1960,41072)
V-line  (60261,97560) (60261,98272)
H-line  (59240,97560) (60261,97560)
V-line  (17065,59461) (17065,60973)
H-line  (16839,59461) (17065,59461)
V-line  (95536,38524) (95536,39154)
H-line  (94428,38524) (95536,38524)
V-line  (1114,54567) (1114,55487)
H-line  (286,54567) (1114,54567)
V-line  (29652,26739) (29652,27266)
H-line  (29652,26739) (30898,26739)
V-line  (97566,63308) (97566,63479)
H-line  (97566,63308) (99170,63308)
V-line  (31413,22232) (31413,22833)
H-line  (30239,22232) (31413,22232)
V-line  (29396,3876) (29396,5477)
H-line  (29396,3876) (29574,3876)
V-line  (8111,38132) (8111,39847)
H-line  (8045,38132) (8111,38132)
V-line  (17020,77314) (17020,77435)
H-line  (15350,77314) (17020,77314)
V-line  (78254,45713) (78254,46097)
H-line  (76847,45713) (78254,45713)
V-line  (84772,31990) (84772,32927)
H-line  (83910,31990) (84772,31990)
V-line  (88508,32769) (88508,34252)
H-line  (88508,32769) (88831,32769)
V-line  (38957,39285) (38957,39800)
H-line  (38957,39285) (40251,39285)
V-line  (56815,82742) (56815,84331)
H-line  (56595,82742) (56815,82742)
V-line  (35435,18402) (35435,19443)
H-line  (34663,18402) (35435,18402)
V-line  (31760,24824) (31760,25752)
H-line  (30872,24824) (31760,24824)
V-line  (22751,44193) (22751,45119)
H-line  (21852,44193) (22751,44193)
V-line  (95533,28175) (95533,29430)
H-line  (94961,28175) (95533,28175)
V-line  (4664,45110) (4664,46401)
H-line  (4127,45110) (4664,45110)
V-line  (91467,17222) (91467,17408)
H-line  (91467,17222) (93112,17222)
V-line  (9175,26601) (9175,27003)
H-line  (9175,26601) (10608,26601)
V-line  (5151,601) (5151,1266)
H-line  (5151,601) (6327,601)
V-line  (65094,88488) (65094,89139)
H-line  (65094,88488) (66285,88488)
V-line  (76847,44149) (76847,45713)
H-line  (76847,44149) (77127,44149)
V-line  (60467,14593) (60467,15046)
H-line  (60467,14593) (61860,14593)
V-line  (21109,15685) (21109,15803)
H-line  (19381,15685) (21109,15685)
V-line  (30898,25752) (30898,26739)
H-line  (30898,25752) (31760,25752)
V-line  (51846,29006) (51846,29590)
H-line  (51846,29006) (53111,29006)
V-line  (49376,30523) (49376,31874)
H-line  (49376,30523) (49876,30523)
V-line  (67725,66956) (67725,67548)
H-line  (67725,66956) (68986,66956)
V-line  (13598,95869) (13598,97538)
H-line  (13413,95869) (13598,95869)
V-line  (51233,24381) (51233,24412)
H-line  (51233,24381) (53056,24381)
V-line  (4149,51581) (4149,52849)
H-line  (3562,51581) (4149,51581)
V-line  (65508,73664) (65508,74718)
H-line  (64696,73664) (65508,73664)
V-line  (14314,89471) (14314,90060)
H-line  (14314,89471) (15594,89471)
V-line  (38488,20417) (38488,21000)
H-line  (38488,20417) (39774,20417)
V-line  (67366,85692) (67366,86777)
H-line  (66579,85692) (67366,85692)
V-line  (68194,16282) (68194,17308)
H-line  (67346,16282) (68194,16282)
V-line  (53602,39980) (53602,41279)
H-line  (53602,39980) (54182,39980)
V-line  (70656,14760) (70656,16305)
H-line  (70322,14760) (70656,14760)
V-line  (54446,62322) (54446,63596)
H-line  (54446,62322) (55056,62322)
V-line  (15795,80893) (15795,82636)
H-line  (15654,80893) (15795,80893)
V-line  (5582,51721) (5582,52904)
H-line  (5582,51721) (6285,51721)
V-line  (4185,11326) (4185,13185)
H-line  (4158,11326) (4185,11326)
V-line  (64696,72267) (64696,73664)
H-line  (64696,72267) (65189,72267)
V-line  (47308,86734) (47308,86880)
H-line  (45563,86734) (47308,86734)
V-line  (36117,95712) (36117,96535)
H-line  (35046,95712) (36117,95712)
V-line  (89230,27147) (89230,28781)
H-line  (89230,27147) (89490,27147)
V-line  (48416,15469) (48416,16083)
H-line  (48416,15469) (49698,15469)
V-line  (52956,10523) (52956,12020)
H-line  (52552,10523) (52956,10523)
V-line  (17307,77435) (17307,79049)
H-line  (17020,77435) (17307,77435)
V-line  (26575,1692) (26575,2502)
H-line  (25478,1692) (26575,1692)
V-line  (45734,26386) (45734,26633)
H-line  (44074,26386) (45734,26386)
V-line  (26235,63436) (26235,64019)
H-line  (24910,63436) (26235,63436)
V-line  (1960,40762) (1960,41566)
H-line  (1960,40762) (3069,40762)
V-line  (83045,12366) (83045,13944)
H-line  (83045,12366) (83385,12366)
V-line  (6270,24408) (6270,25394)
H-line  (6270,24408) (7205,24408)
V-line  (36326,71156) (36326,72951)
H-line  (36200,71156) (36326,71156)
V-line  (66256,12994) (66256,13741)
H-line  (65082,12994) (66256,12994)
V-line  (13543,90060) (13543,91219)
H-line  (13543,90060) (14314,90060)
V-line  (37651,87516) (37651,89420)
H-line  (37651,87516) (37677,87516)
V-line  (4303,40762) (4303,41459)
H-line  (3069,40762) (4303,40762)
V-line  (88414,85484) (88414,87318)
H-line  (88414,85484) (88515,85484)
V-line  (57829,46248) (57829,46488)
H-line  (57829,46248) (59528,46248)
V-line  (61111,41946) (61111,43615)
H-line  (61111,41946) (61381,41946)
V-line  (37561,65703) (37561,66915)
H-line  (36827,65703) (37561,65703)
V-line  (64423,92144) (64423,93379)
H-line  (64423,92144) (65136,92144)
V-line  (99908,35028) (99908,36937)
H-line  (99908,35028) (99948,35028)
V-line  (89638,10851) (89638,12344)
H-line  (89638,10851) (90097,10851)
V-line  (21036,39325) (21036,40281)
H-line  (21036,39325) (22034,39325)
V-line  (70732,28879) (70732,30207)
H-line  (70732,28879) (71358,28879)
V-line  (87975,26481) (87975,27460)
H-line  (87975,26481) (88954,26481)
V-line  (9933,46215) (9933,47065)
H-line  (9933,46215) (11041,46215)
V-line  (20326,51835) (20326,52918)
H-line  (19440,51835) (20326,51835)
V-line  (99771,55090) (99771,56245)
H-line  (98955,55090) (99771,55090)
V-line  (54779,91780) (54779,92081)
H-line  (53101,91780) (54779,91780)
V-line  (71331,12335) (71331,13632)
H-line  (70647,12335) (71331,12335)
V-line  (10257,70406) (10257,71690)
H-line  (10257,70406) (10959,70406)
V-line  (56238,63596) (56238,63790)
H-line  (54446,63596) (56238,63596)
V-line  (75655,77868) (75655,78544)
H-line  (75655,77868) (76971,77868)
V-line  (13490,3913) (13490,4229)
H-line  (11813,3913) (13490,3913)
V-line  (7885,96957) (7885,97789)
H-line  (6718,96957) (7885,96957)
V-line  (43118,81531) (43118,82286)
H-line  (43118,81531) (44366,81531)
V-line  (96813,14063) (96813,15779)
H-line  (96526,14063) (96813,14063)
V-line  (51758,19736) (51758,21015)
H-line  (51033,19736) (51758,19736)
V-line  (19627,88770) (19627,88941)
H-line  (19627,88770) (21462,88770)
V-line  (88806,4768) (88806,5220)
H-line  (87252,4768) (88806,4768)
V-line  (79142,22082) (79142,22469)
H-line  (79142,22082) (80764,22082)
V-line  (24539,20105) (24539,21336)
H-line  (24539,20105) (25317,20105)
V-line  (96526,12935) (96526,14063)
H-line  (95642,12935) (96526,12935)
V-line  (63899,23645) (63899,24455)
H-line  (63899,23645) (65110,23645)
V-line  (40271,62337) (40271,63322)
H-line  (40271,62337) (41314,62337)
V-line  (25001,72429) (25001,73061)
H-line  (23604,72429) (25001,72429)
V-line  (28338,22232) (28338,22373)
H-line  (28338,22232) (30239,22232)
V-line  (64346,98090) (64346,98887)
H-line  (64346,98090) (65598,98090)
V-line  (56815,84200) (56815,84331)
H-line  (56815,84200) (58734,84200)
V-line  (23767,84347) (23767,85385)
H-line  (22748,84347) (23767,84347)
V-line  (62938,38841) (62938,40307)
H-line  (62938,38841) (63537,38841)
V-line  (48904,95728) (48904,95752)
H-line  (46857,95728) (48904,95728)
V-line  (11046,54781) (11046,55331)
H-line  (11046,54781) (12573,54781)
V-line  (42284,30613) (42284,32311)
H-line  (41903,30613) (42284,30613)
V-line  (84628,87145) (84628,87516)
H-line  (84628,87145) (86338,87145)
V-line  (50803,54928) (50803,56961)
H-line  (50749,54928) (50803,54928)
V-line  (14212,57071) (14212,58216)
H-line  (13270,57071) (14212,57071)
V-line  (41903,28616) (41903,30613)
H-line  (41813,28616) (41903,28616)
V-line  (47518,79369) (47518,81183)
H-line  (47518,79369) (47792,79369)
V-line  (25861,78974) (25861,80403)
H-line  (25861,78974) (26522,78974)
V-line  (30964,44017) (30964,45517)
H-line  (30370,44017) (30964,44017)
V-line  (54779,90616) (54779,92081)
H-line  (54147,90616) (54779,90616)
V-line  (98642,94989) (98642,96772)
H-line  (98321,94989) (98642,94989)
V-line  (52389,52976) (52389,53992)
H-line  (51299,52976) (52389,52976)
V-line  (47308,85688) (47308,86880)
H-line  (47308,85688) (48223,85688)
V-line  (55498,53072) (55498,53759)
H-line  (54075,53072) (55498,53072)
V-line  (51864,84091) (51864,85121)
H-line  (51864,84091) (52954,84091)
V-line  (88831,32129) (88831,32769)
H-line  (88831,32129) (90311,32129)
V-line  (3066,69178) (3066,69584)
H-line  (1349,69178) (3066,69178)
V-line  (78536,77868) (78536,78429)
H-line  (76971,77868) (78536,77868)
V-line  (69906,32051) (69906,33883)
H-line  (69606,32051) (69906,32051)
V-line  (70322,13632) (70322,14760)
H-line  (70322,13632) (71331,13632)
V-line  (75206,45713) (75206,46210)
H-line  (75206,45713) (76847,45713)
V-line  (87977,39400) (87977,39993)
H-line  (86430,39400) (87977,39400)
V-line  (42038,71693) (42038,72093)
H-line  (40296,71693) (42038,71693)
V-line  (21393,9816) (21393,11202)
H-line  (20632,9816) (21393,9816)
V-line  (64346,98235) (64346,98887)
H-line  (62850,98235) (64346,98235)
V-line  (2372,69584) (2372,71039)
H-line  (2372,69584) (3066,69584)
V-line  (1516,89904) (1516,91804)
H-line  (1516,89904) (1769,89904)
V-line  (9466,72956) (9466,74430)
H-line  (9466,72956) (10147,72956)
V-line  (78254,45667) (78254,46097)
H-line  (78254,45667) (79990,45667)
V-line  (80329,33694) (80329,34947)
H-line  (80329,33694) (81243,33694)
V-line  (20196,52918) (20196,54955)
H-line  (20196,52918) (20326,52918)
V-line  (51864,82981) (51864,85121)
H-line  (51864,82981) (51892,82981)
V-line  (42607,68616) (42607,70383)
H-line  (42607,68616) (43010,68616)
V-line  (25317,19828) (25317,20105)
H-line  (23423,19828) (25317,19828)
V-line  (70647,10449) (70647,12335)
H-line  (70360,10449) (70647,10449)
V-line  (74574,85130) (74574,85699)
H-line  (74574,85130) (76181,85130)
V-line  (62067,28901) (62067,29271)
H-line  (62067,28901) (63876,28901)
V-line  (29641,22232) (29641,23814)
H-line  (29641,22232) (30239,22232)
V-line  (72299,35369) (72299,37127)
H-line  (72299,35369) (72725,35369)
V-line  (91551,97779) (91551,99742)
H-line  (91551,97779) (91786,97779)
V-line  (84011,72400) (84011,73190)
H-line  (82596,72400) (84011,72400)
V-line  (5726,25394) (5726,27056)
H-line  (5726,25394) (6270,25394)
V-line  (30886,10836) (30886,12720)
H-line  (30886,10836) (31214,10836)
V-line  (99814,28511) (99814,30049)
H-line  (99121,28511) (99814,28511)
V-line  (7014,52904) (7014,53712)
H-line  (5582,52904) (7014,52904)
V-line  (30872,23814) (30872,24824)
H-line  (29641,23814) (30872,23814)
V-line  (88414,87145) (88414,87318)
H-line  (86338,87145) (88414,87145)
V-line  (58896,88064) (58896,88550)
H-line  (58896,88064) (60660,88064)
V-line  (7788,56518) (7788,57961)
H-line  (7788,56518) (8602,56518)
V-line  (42038,70383) (42038,72093)
H-line  (42038,70383) (42607,70383)
V-line  (60041,17946) (60041,18450)
H-line  (60041,17946) (61822,17946)
V-line  (6572,96957) (6572,99098)
H-line  (6572,96957) (6718,96957)
V-line  (48344,81604) (48344,83413)
H-line  (47859,81604) (48344,81604)
V-line  (78982,27869) (78982,28326)
H-line  (78982,27869) (80822,27869)
V-line  (3354,13674) (3354,14929)
H-line  (2308,13674) (3354,13674)
V-line  (2349,73752) (2349,76001)
H-line  (2293,73752) (2349,73752)
V-line  (66382,23463) (66382,25757)
H-line  (66369,23463) (66382,23463)
V-line  (89407,46425) (89407,47199)
H-line  (89407,46425) (90952,46425)
V-line  (91813,54053) (91813,55074)
H-line  (91813,54053) (93117,54053)
V-line  (83385,11328) (83385,12366)
H-line  (83385,11328) (84675,11328)
V-line  (40454,64845) (40454,66054)
H-line  (40454,64845) (41576,64845)
V-line  (63911,31814) (63911,33277)
H-line  (63911,31814) (64784,31814)
V-line  (14987,66485) (14987,68598)
H-line  (14763,66485) (14987,66485)
V-line  (40113,73988) (40113,75334)
H-line  (39106,73988) (40113,73988)
V-line  (54147,89941) (54147,90616)
H-line  (54147,89941) (55828,89941)
V-line  (763,56456) (763,58608)
H-line  (763,56456) (979,56456)
V-line  (40501,42488) (40501,43584)
H-line  (40501,42488) (41775,42488)
V-line  (24678,63436) (24678,65575)
H-line  (24678,63436) (24910,63436)
V-line  (90309,94647) (90309,96370)
H-line  (90309,94647) (90959,94647)
V-line  (78339,91173) (78339,92267)
H-line  (78339,91173) (79624,91173)
V-line  (49381,43436) (49381,44635)
H-line  (49381,43436) (50577,43436)
V-line  (74813,61962) (74813,62473)
H-line  (74813,61962) (76698,61962)
V-line  (48223,83413) (48223,85688)
H-line  (48223,83413) (48344,83413)
V-line  (68022,76608) (68022,77823)
H-line  (68022,76608) (69214,76608)
V-line  (8836,23575) (8836,25695)
H-line  (8836,23575) (9132,23575)
V-line  (28058,51487) (28058,53483)
H-line  (28058,51487) (28486,51487)
V-line  (59152,91895) (59152,92832)
H-line  (59152,91895) (60643,91895)
V-line  (61767,10117) (61767,10806)
H-line  (60026,10117) (61767,10117)
V-line  (17417,42763) (17417,44300)
H-line  (16511,42763) (17417,42763)
V-line  (50644,52976) (50644,54766)
H-line  (50644,52976) (51299,52976)
V-line  (30370,41973) (30370,44017)
H-line  (30370,41973) (30772,41973)
V-line  (64876,65138) (64876,65817)
H-line  (64876,65138) (66650,65138)
V-line  (49747,45736) (49747,48055)
H-line  (49747,45736) (49887,45736)
V-line  (28142,64019) (28142,64571)
H-line  (26235,64019) (28142,64019)
V-line  (92670,56411) (92670,57166)
H-line  (92670,56411) (94382,56411)
V-line  (51743,33435) (51743,35435)
H-line  (51275,33435) (51743,33435)
V-line  (36827,65208) (36827,65703)
H-line  (36827,65208) (38803,65208)
V-line  (78339,91119) (78339,92267)
H-line  (77016,91119) (78339,91119)
V-line  (64148,59856) (64148,62295)
H-line  (64116,59856) (64148,59856)
V-line  (51033,17774) (51033,19736)
H-line  (50523,17774) (51033,17774)
V-line  (5464,85252) (5464,87565)
H-line  (5464,85252) (5624,85252)
V-line  (7885,96548) (7885,97789)
H-line  (7885,96548) (9118,96548)
V-line  (94396,29430) (94396,30767)
H-line  (94396,29430) (95533,29430)
V-line  (10262,34402) (10262,35170)
H-line  (10262,34402) (11969,34402)
V-line  (9709,92041) (9709,93328)
H-line  (8517,92041) (9709,92041)
V-line  (19149,60973) (19149,61370)
H-line  (17065,60973) (19149,60973)
V-line  (86614,39400) (86614,41698)
H-line  (86430,39400) (86614,39400)
V-line  (34815,19443) (34815,21307)
H-line  (34815,19443) (35435,19443)
V-line  (442,95257) (442,97309)
H-line  (2,95257) (442,95257)
V-line  (36637,36248) (36637,36937)
H-line  (36637,36248) (38443,36248)
V-line  (37951,69589) (37951,70973)
H-line  (37951,69589) (39064,69589)
V-line  (31086,78091) (31086,80101)
H-line  (31086,78091) (31573,78091)
V-line  (95173,97823) (95173,98720)
H-line  (95173,97823) (96774,97823)
V-line  (75071,62473) (75071,64720)
H-line  (74813,62473) (75071,62473)
V-line  (34073,58591) (34073,59511)
H-line  (32486,58591) (34073,58591)
V-line  (6718,95113) (6718,96957)
H-line  (6718,95113) (7382,95113)
V-line  (46857,95224) (46857,95728)
H-line  (44847,95224) (46857,95224)
V-line  (85804,87145) (85804,89132)
H-line  (85804,87145) (86338,87145)
V-line  (85999,63840) (85999,66307)
H-line  (85944,63840) (85999,63840)
V-line  (50781,15469) (50781,16909)
H-line  (49698,15469) (50781,15469)
V-line  (51272,96356) (51272,97567)
H-line  (51272,96356) (52592,96356)
V-line  (38824,95608) (38824,97689)
H-line  (38824,95608) (39283,95608)
V-line  (2067,43566) (2067,45458)
H-line  (2067,43566) (2716,43566)
V-line  (24628,14135) (24628,15535)
H-line  (24628,14135) (25777,14135)
V-line  (81172,95380) (81172,95815)
H-line  (81172,95380) (83286,95380)
V-line  (70812,60362) (70812,61302)
H-line  (69198,60362) (70812,60362)
V-line  (5557,13477) (5557,15942)
H-line  (5467,13477) (5557,13477)
V-line  (54106,437) (54106,1788)
H-line  (52895,437) (54106,437)
V-line  (40220,8499) (40220,10533)
H-line  (39687,8499) (40220,8499)
V-line  (82526,11650) (82526,12475)
H-line  (80779,11650) (82526,11650)
V-line  (3354,13185) (3354,14929)
H-line  (3354,13185) (4185,13185)
V-line  (45076,89698) (45076,90390)
H-line  (43192,89698) (45076,89698)
V-line  (27343,65022) (27343,66966)
H-line  (27343,65022) (27976,65022)
V-line  (11041,45465) (11041,46215)
H-line  (11041,45465) (12871,45465)
V-line  (77014,91119) (77014,93702)
H-line  (77014,91119) (77016,91119)
V-line  (32131,80101) (32131,81643)
H-line  (31086,80101) (32131,80101)
V-line  (92108,20257) (92108,21774)
H-line  (92108,20257) (93180,20257)
V-line  (87161,89132) (87161,90372)
H-line  (85804,89132) (87161,89132)
V-line  (87975,26919) (87975,27460)
H-line  (85912,26919) (87975,26919)
V-line  (9386,84714) (9386,86398)
H-line  (9386,84714) (10310,84714)
V-line  (98723,91216) (98723,93703)
H-line  (98723,91216) (98846,91216)
V-line  (7382,93109) (7382,95113)
H-line  (7382,93109) (7991,93109)
V-line  (84468,35003) (84468,36926)
H-line  (83776,35003) (84468,35003)
V-line  (79142,20760) (79142,22469)
H-line  (78230,20760) (79142,20760)
V-line  (1960,39137) (1960,41566)
H-line  (1766,39137) (1960,39137)
V-line  (34663,17014) (34663,18402)
H-line  (34663,17014) (35915,17014)
V-line  (90097,9313) (90097,10851)
H-line  (88995,9313) (90097,9313)
V-line  (25950,66966) (25950,68219)
H-line  (25950,66966) (27343,66966)
V-line  (93817,13093) (93817,14914)
H-line  (92992,13093) (93817,13093)
V-line  (47792,77950) (47792,79369)
H-line  (46563,77950) (47792,77950)
V-line  (20734,44193) (20734,45724)
H-line  (20734,44193) (21852,44193)
V-line  (61510,56007) (61510,58063)
H-line  (61510,56007) (62114,56007)
V-line  (49376,30942) (49376,31874)
H-line  (47647,30942) (49376,30942)
V-line  (72781,62587) (72781,63840)
H-line  (72781,62587) (74190,62587)
V-line  (64321,79140) (64321,80801)
H-line  (63315,79140) (64321,79140)
V-line  (35915,14651) (35915,17014)
H-line  (35915,14651) (36229,14651)
V-line  (11041,43744) (11041,46215)
H-line  (11041,43744) (11257,43744)
V-line  (4264,27056) (4264,28289)
H-line  (4264,27056) (5726,27056)
V-line  (43880,95224) (43880,96966)
H-line  (43880,95224) (44847,95224)
V-line  (16607,21480) (16607,22556)
H-line  (16607,21480) (18245,21480)
V-line  (7244,57961) (7244,60151)
H-line  (7244,57961) (7788,57961)
V-line  (9166,27003) (9166,29728)
H-line  (9166,27003) (9175,27003)
V-line  (58886,58907) (58886,60917)
H-line  (58160,58907) (58886,58907)
V-line  (70914,42315) (70914,44333)
H-line  (70190,42315) (70914,42315)
V-line  (63899,22283) (63899,24455)
H-line  (63326,22283) (63899,22283)
V-line  (66579,84731) (66579,85692)
H-line  (64790,84731) (66579,84731)
V-line  (2716,41566) (2716,43566)
H-line  (1960,41566) (2716,41566)
V-line  (89606,47199) (89606,49756)
H-line  (89407,47199) (89606,47199)
V-line  (41576,62337) (41576,64845)
H-line  (41314,62337) (41576,62337)
V-line  (79624,90425) (79624,91173)
H-line  (79624,90425) (81646,90425)
V-line  (7991,601) (7991,1715)
H-line  (6327,601) (7991,601)
V-line  (32406,77246) (32406,77741)
H-line  (32406,77246) (34690,77246)
V-line  (12748,13473) (12748,15664)
H-line  (12748,13473) (13339,13473)
V-line  (79380,62525) (79380,64346)
H-line  (79380,62525) (80341,62525)
V-line  (72322,8264) (72322,10579)
H-line  (71854,8264) (72322,8264)
V-line  (88706,5220) (88706,7904)
H-line  (88706,5220) (88806,5220)
V-line  (15808,82636) (15808,85409)
H-line  (15795,82636) (15808,82636)
V-line  (78536,77287) (78536,78429)
H-line  (78536,77287) (80185,77287)
V-line  (66285,86777) (66285,88488)
H-line  (66285,86777) (67366,86777)
V-line  (2293,71039) (2293,73752)
H-line  (2293,71039) (2372,71039)
V-line  (93143,60395) (93143,60985)
H-line  (90939,60395) (93143,60395)
V-line  (81419,90425) (81419,92994)
H-line  (81419,90425) (81646,90425)
V-line  (54075,50422) (54075,53072)
H-line  (53919,50422) (54075,50422)
V-line  (25029,1692) (25029,4049)
H-line  (25029,1692) (25478,1692)
V-line  (34690,75458) (34690,77246)
H-line  (33671,75458) (34690,75458)
V-line  (66781,25757) (66781,28167)
H-line  (66382,25757) (66781,25757)
V-line  (85944,62076) (85944,63840)
H-line  (85944,62076) (87000,62076)
V-line  (8520,88345) (8520,90391)
H-line  (7722,88345) (8520,88345)
V-line  (33671,72697) (33671,75458)
H-line  (33585,72697) (33671,72697)
V-line  (59528,44750) (59528,46248)
H-line  (59528,44750) (60877,44750)
V-line  (73569,13632) (73569,14247)
H-line  (71331,13632) (73569,13632)
V-line  (8551,1715) (8551,4018)
H-line  (7991,1715) (8551,1715)
V-line  (32131,79967) (32131,81643)
H-line  (32131,79967) (33325,79967)
V-line  (48929,48055) (48929,50108)
H-line  (48929,48055) (49747,48055)
V-line  (62624,92835) (62624,94509)
H-line  (61425,92835) (62624,92835)
V-line  (85845,11328) (85845,13036)
H-line  (84675,11328) (85845,11328)
V-line  (94774,60985) (94774,62239)
H-line  (93143,60985) (94774,60985)
V-line  (91786,96370) (91786,97779)
H-line  (90309,96370) (91786,96370)
V-line  (14555,85409) (14555,87047)
H-line  (14555,85409) (15808,85409)
V-line  (3066,67683) (3066,69584)
H-line  (3066,67683) (4057,67683)
V-line  (79899,28326) (79899,30305)
H-line  (78982,28326) (79899,28326)
V-line  (47946,73370) (47946,75567)
H-line  (47241,73370) (47946,73370)
V-line  (37046,45005) (37046,46386)
H-line  (37046,45005) (38568,45005)
V-line  (73230,63840) (73230,66306)
H-line  (72781,63840) (73230,63840)
V-line  (8836,24408) (8836,25695)
H-line  (7205,24408) (8836,24408)
V-line  (96774,96772) (96774,97823)
H-line  (96774,96772) (98642,96772)
V-line  (96900,91216) (96900,92192)
H-line  (96900,91216) (98846,91216)
V-line  (60972,35208) (60972,38013)
H-line  (60972,35208) (61089,35208)
V-line  (35801,72697) (35801,73403)
H-line  (33585,72697) (35801,72697)
V-line  (25930,58980) (25930,59927)
H-line  (25930,58980) (27908,58980)
V-line  (67725,65662) (67725,67548)
H-line  (66682,65662) (67725,65662)
V-line  (58160,56181) (58160,58907)
H-line  (57956,56181) (58160,56181)
V-line  (53267,30169) (53267,32992)
H-line  (53158,30169) (53267,30169)
V-line  (34663,17250) (34663,18402)
H-line  (32876,17250) (34663,17250)
V-line  (10999,93150) (10999,95187)
H-line  (10095,93150) (10999,93150)
V-line  (93117,52775) (93117,54053)
H-line  (93117,52775) (94788,52775)
V-line  (21874,62526) (21874,64536)
H-line  (21874,62526) (22813,62526)
V-line  (92670,55074) (92670,57166)
H-line  (91813,55074) (92670,55074)
V-line  (4127,43566) (4127,45110)
H-line  (2716,43566) (4127,43566)
V-line  (90807,49756) (90807,51515)
H-line  (89606,49756) (90807,49756)
V-line  (28484,44017) (28484,45094)
H-line  (28484,44017) (30370,44017)
V-line  (71705,78819) (71705,81056)
H-line  (70978,78819) (71705,78819)
V-line  (69606,30207) (69606,32051)
H-line  (69606,30207) (70732,30207)
V-line  (71856,81056) (71856,83886)
H-line  (71705,81056) (71856,81056)
V-line  (13270,54781) (13270,57071)
H-line  (12573,54781) (13270,54781)
V-line  (6285,49450) (6285,51721)
H-line  (6285,49450) (7007,49450)
V-line  (95511,66058) (95511,68883)
H-line  (95342,66058) (95511,66058)
V-line  (60261,95821) (60261,98272)
H-line  (60261,95821) (60805,95821)
V-line  (45399,52033) (45399,52875)
H-line  (43243,52033) (45399,52033)
V-line  (24910,62526) (24910,63436)
H-line  (22813,62526) (24910,62526)
V-line  (72983,28844) (72983,30363)
H-line  (72983,28844) (74476,28844)
V-line  (93112,14914) (93112,17222)
H-line  (93112,14914) (93817,14914)
V-line  (54182,38288) (54182,39980)
H-line  (54182,38288) (55504,38288)
V-line  (99733,72389) (99733,73594)
H-line  (97913,72389) (99733,72389)
V-line  (21570,58431) (21570,59485)
H-line  (19587,58431) (21570,58431)
V-line  (62691,35208) (62691,36646)
H-line  (61089,35208) (62691,35208)
V-line  (53907,92081) (53907,94249)
H-line  (53907,92081) (54779,92081)
V-line  (63537,36646) (63537,38841)
H-line  (62691,36646) (63537,36646)
V-line  (65136,89139) (65136,92144)
H-line  (65094,89139) (65136,89139)
V-line  (48872,58087) (48872,59848)
H-line  (47585,58087) (48872,58087)
V-line  (89300,75877) (89300,77880)
H-line  (88253,75877) (89300,75877)
V-line  (286,51972) (286,54567)
H-line  (286,51972) (744,51972)
V-line  (47647,28549) (47647,30942)
H-line  (46986,28549) (47647,28549)
V-line  (71449,44447) (71449,47297)
H-line  (71449,44447) (71655,44447)
V-line  (27162,13730) (27162,16234)
H-line  (26607,13730) (27162,13730)
V-line  (70046,76608) (70046,78842)
H-line  (69214,76608) (70046,76608)
V-line  (81172,92994) (81172,95815)
H-line  (81172,92994) (81419,92994)
V-line  (36013,23880) (36013,25610)
H-line  (36013,23880) (37354,23880)
V-line  (83776,32927) (83776,35003)
H-line  (83776,32927) (84772,32927)
V-line  (92399,76189) (92399,79101)
H-line  (92219,76189) (92399,76189)
V-line  (71655,43328) (71655,44447)
H-line  (71655,43328) (73632,43328)
V-line  (8137,13865) (8137,15575)
H-line  (8137,13865) (9530,13865)
V-line  (93180,17222) (93180,20257)
H-line  (93112,17222) (93180,17222)
V-line  (72983,28879) (72983,30363)
H-line  (71358,28879) (72983,28879)
V-line  (13413,94688) (13413,95869)
H-line  (13413,94688) (15346,94688)
V-line  (27125,24255) (27125,25370)
H-line  (25111,24255) (27125,24255)
V-line  (17020,75537) (17020,77435)
H-line  (17020,75537) (18253,75537)
V-line  (37354,20949) (37354,23880)
H-line  (37148,20949) (37354,20949)
V-line  (87116,90372) (87116,93465)
H-line  (87116,90372) (87161,90372)
V-line  (43300,54936) (43300,56855)
H-line  (42079,54936) (43300,54936)
V-line  (50347,62562) (50347,65664)
H-line  (50306,62562) (50347,62562)
V-line  (80779,9498) (80779,11650)
H-line  (79782,9498) (80779,9498)
V-line  (87378,43267) (87378,45177)
H-line  (87378,43267) (88621,43267)
V-line  (25930,57684) (25930,59927)
H-line  (25014,57684) (25930,57684)
V-line  (43860,48815) (43860,51265)
H-line  (43860,48815) (44577,48815)
V-line  (79240,3010) (79240,4674)
H-line  (77725,3010) (79240,3010)
V-line  (21109,13865) (21109,15803)
H-line  (21109,13865) (22354,13865)
V-line  (56644,96174) (56644,99075)
H-line  (56352,96174) (56644,96174)
V-line  (66256,10859) (66256,13741)
H-line  (66256,10859) (66569,10859)
V-line  (14636,6292) (14636,8682)
H-line  (14636,6292) (15441,6292)
V-line  (84011,71148) (84011,73190)
H-line  (84011,71148) (85165,71148)
V-line  (79782,7967) (79782,9498)
H-line  (78108,7967) (79782,7967)
V-line  (94937,56411) (94937,59084)
H-line  (94382,56411) (94937,56411)
V-line  (23047,5303) (23047,6922)
H-line  (23047,5303) (24659,5303)
V-line  (22264,31990) (22264,34799)
H-line  (22264,31990) (22697,31990)
V-line  (3773,1266) (3773,3139)
H-line  (3773,1266) (5151,1266)
V-line  (14314,87047) (14314,90060)
H-line  (14314,87047) (14555,87047)
V-line  (63315,76986) (63315,79140)
H-line  (62211,76986) (63315,76986)
V-line  (56262,9004) (56262,10732)
H-line  (56262,9004) (57794,9004)
V-line  (43192,87564) (43192,89698)
H-line  (42062,87564) (43192,87564)
V-line  (63932,62295) (63932,65344)
H-line  (63932,62295) (64148,62295)
V-line  (68986,36431) (68986,38094)
H-line  (67377,36431) (68986,36431)
V-line  (45076,87703) (45076,90390)
H-line  (45076,87703) (45661,87703)
V-line  (925,45458) (925,47591)
H-line  (925,45458) (2067,45458)
V-line  (56390,29885) (56390,30522)
H-line  (56390,29885) (59037,29885)
V-line  (79170,13546) (79170,15911)
H-line  (78245,13546) (79170,13546)
V-line  (18253,73654) (18253,75537)
H-line  (18253,73654) (19662,73654)
V-line  (84587,66307) (84587,68188)
H-line  (84587,66307) (85999,66307)
V-line  (96702,29430) (96702,31555)
H-line  (95533,29430) (96702,29430)
V-line  (38425,8499) (38425,10548)
H-line  (38425,8499) (39687,8499)
V-line  (96492,63479) (96492,65719)
H-line  (96492,63479) (97566,63479)
V-line  (94774,59084) (94774,62239)
H-line  (94774,59084) (94937,59084)
V-line  (38832,39800) (38832,42998)
H-line  (38832,39800) (38957,39800)
V-line  (94674,68007) (94674,68840)
H-line  (92184,68007) (94674,68007)
V-line  (61862,67669) (61862,70908)
H-line  (61767,67669) (61862,67669)
V-line  (40296,69589) (40296,71693)
H-line  (39064,69589) (40296,69589)
V-line  (78245,11217) (78245,13546)
H-line  (77215,11217) (78245,11217)
V-line  (12009,34402) (12009,37729)
H-line  (11969,34402) (12009,34402)
V-line  (89752,77880) (89752,80803)
H-line  (89300,77880) (89752,77880)
V-line  (19149,58431) (19149,61370)
H-line  (19149,58431) (19587,58431)
V-line  (70360,8307) (70360,10449)
H-line  (70360,8307) (71597,8307)
V-line  (22328,11202) (22328,13650)
H-line  (21393,11202) (22328,11202)
V-line  (15346,92908) (15346,94688)
H-line  (15346,92908) (16953,92908)
V-line  (61822,14593) (61822,17946)
H-line  (61822,14593) (61860,14593)
V-line  (76119,64720) (76119,67072)
H-line  (75071,64720) (76119,64720)
V-line  (79990,43009) (79990,45667)
H-line  (79245,43009) (79990,43009)
V-line  (31065,68968) (31065,71004)
H-line  (31065,68968) (32435,68968)
V-line  (56047,30522) (56047,33589)
H-line  (56047,30522) (56390,30522)
V-line  (67825,88488) (67825,90360)
H-line  (66285,88488) (67825,88488)
V-line  (52592,94249) (52592,96356)
H-line  (52592,94249) (53907,94249)
V-line  (11090,95187) (11090,98524)
H-line  (10999,95187) (11090,95187)
V-line  (95342,62647) (95342,66058)
H-line  (95342,62647) (95359,62647)
V-line  (61089,32403) (61089,35208)
H-line  (61089,32403) (61713,32403)
V-line  (67346,14548) (67346,16282)
H-line  (67346,14548) (69045,14548)
V-line  (82659,5051) (82659,8220)
H-line  (82659,5051) (82928,5051)
V-line  (19466,3328) (19466,5597)
H-line  (19466,3328) (20635,3328)
V-line  (74807,43328) (74807,45593)
H-line  (73632,43328) (74807,43328)
V-line  (29553,17790) (29553,21069)
H-line  (29553,17790) (29731,17790)
V-line  (31888,93613) (31888,96850)
H-line  (31888,93613) (32109,93613)
V-line  (62349,11379) (62349,14643)
H-line  (62349,11379) (62553,11379)
V-line  (39106,71693) (39106,73988)
H-line  (39106,71693) (40296,71693)
V-line  (61713,29271) (61713,32403)
H-line  (61713,29271) (62067,29271)
V-line  (88621,40004) (88621,43267)
H-line  (88382,40004) (88621,40004)
V-line  (46238,32128) (46238,33958)
H-line  (44563,32128) (46238,32128)
V-line  (53811,63596) (53811,66470)
H-line  (53811,63596) (54446,63596)
V-line  (91778,87517) (91778,89588)
H-line  (90332,87517) (91778,87517)
V-line  (85165,68188) (85165,71148)
H-line  (84587,68188) (85165,68188)
V-line  (10550,61529) (10550,64582)
H-line  (10550,61529) (11065,61529)
V-line  (89797,21774) (89797,23031)
H-line  (89797,21774) (92108,21774)
V-line  (13490,2221) (13490,4229)
H-line  (13490,2221) (15054,2221)
V-line  (22034,36004) (22034,39325)
H-line  (22034,36004) (22294,36004)
V-line  (99733,70146) (99733,73594)
H-line  (99586,70146) (99733,70146)
V-line  (60805,92835) (60805,95821)
H-line  (60805,92835) (61425,92835)
V-line  (74128,70188) (74128,71153)
H-line  (71483,70188) (74128,70188)
V-line  (22586,88770) (22586,91258)
H-line  (21462,88770) (22586,88770)
V-line  (27699,89576) (27699,92182)
H-line  (27699,89576) (28713,89576)
V-line  (82724,64997) (82724,67900)
H-line  (82002,64997) (82724,64997)
V-line  (77921,94753) (77921,96985)
H-line  (76526,94753) (77921,94753)
V-line  (67346,13741) (67346,16282)
H-line  (66256,13741) (67346,13741)
V-line  (79380,62539) (79380,64346)
H-line  (77549,62539) (79380,62539)
V-line  (32361,81643) (32361,85052)
H-line  (32131,81643) (32361,81643)
V-line  (65189,69694) (65189,72267)
H-line  (64119,69694) (65189,69694)
V-line  (91951,82829) (91951,84242)
H-line  (91951,82829) (94184,82829)
V-line  (25777,11114) (25777,14135)
H-line  (25140,11114) (25777,11114)
V-line  (77978,55379) (77978,58972)
H-line  (77908,55379) (77978,55379)
V-line  (74574,84633) (74574,85699)
H-line  (71959,84633) (74574,84633)
V-line  (42720,64845) (42720,67382)
H-line  (41576,64845) (42720,64845)
V-line  (44859,37529) (44859,40340)
H-line  (44859,37529) (45732,37529)
V-line  (83910,28502) (83910,31990)
H-line  (83690,28502) (83910,28502)
V-line  (72781,61341) (72781,63840)
H-line  (71568,61341) (72781,61341)
V-line  (53919,48179) (53919,50422)
H-line  (53919,48179) (55420,48179)
V-line  (9483,97789) (9483,99945)
H-line  (7885,97789) (9483,97789)
V-line  (46563,75567) (46563,77950)
H-line  (46563,75567) (47946,75567)
V-line  (92219,74022) (92219,76189)
H-line  (90616,74022) (92219,74022)
V-line  (76104,55379) (76104,57351)
H-line  (76104,55379) (77908,55379)
V-line  (88782,90372) (88782,92550)
H-line  (87161,90372) (88782,90372)
V-line  (64784,28901) (64784,31814)
H-line  (63876,28901) (64784,28901)
V-line  (26090,44686) (26090,47105)
H-line  (26090,44686) (27499,44686)
V-line  (83743,57253) (83743,59119)
H-line  (83743,57253) (85707,57253)
V-line  (46857,92788) (46857,95728)
H-line  (46857,92788) (47752,92788)
V-line  (55514,10732) (55514,13825)
H-line  (55514,10732) (56262,10732)
V-line  (60643,88064) (60643,91895)
H-line  (60643,88064) (60660,88064)
V-line  (53043,96356) (53043,99771)
H-line  (52592,96356) (53043,96356)
V-line  (53715,41279) (53715,45045)
H-line  (53602,41279) (53715,41279)
V-line  (31489,26739) (31489,30036)
H-line  (30898,26739) (31489,26739)
V-line  (35416,8196) (35416,10510)
H-line  (33823,8196) (35416,8196)
V-line  (16607,18819) (16607,22556)
H-line  (16434,18819) (16607,18819)
V-line  (91813,52347) (91813,55074)
H-line  (90624,52347) (91813,52347)
V-line  (51233,21015) (51233,24412)
H-line  (51233,21015) (51758,21015)
V-line  (17375,34308) (17375,35968)
H-line  (17375,34308) (19642,34308)
V-line  (58697,26044) (58697,29159)
H-line  (57874,26044) (58697,26044)
V-line  (95642,10567) (95642,12935)
H-line  (95642,10567) (97213,10567)
V-line  (24628,13865) (24628,15535)
H-line  (22354,13865) (24628,13865)
V-line  (15458,2221) (15458,5762)
H-line  (15054,2221) (15458,2221)
V-line  (29593,57784) (29593,61652)
H-line  (29593,57784) (29675,57784)
V-line  (33325,30036) (33325,32151)
H-line  (31489,30036) (33325,30036)
V-line  (62850,94509) (62850,98235)
H-line  (62624,94509) (62850,94509)
V-line  (36794,79735) (36794,82247)
H-line  (36794,79735) (38242,79735)
V-line  (51743,32992) (51743,35435)
H-line  (51743,32992) (53267,32992)
V-line  (77549,58972) (77549,62539)
H-line  (77549,58972) (77978,58972)
V-line  (10999,92178) (10999,95187)
H-line  (10999,92178) (12001,92178)
V-line  (43096,31899) (43096,35636)
H-line  (43096,31899) (43376,31899)
V-line  (71316,47297) (71316,51184)
H-line  (71316,47297) (71449,47297)
V-line  (11423,15664) (11423,18359)
H-line  (11423,15664) (12748,15664)
V-line  (50450,5759) (50450,9275)
H-line  (49943,5759) (50450,5759)
V-line  (74829,71153) (74829,74490)
H-line  (74128,71153) (74829,71153)
V-line  (69880,90360) (69880,92363)
H-line  (67825,90360) (69880,90360)
V-line  (38957,36248) (38957,39800)
H-line  (38443,36248) (38957,36248)
V-line  (85931,75877) (85931,77622)
H-line  (85931,75877) (88253,75877)
V-line  (42079,52033) (42079,54936)
H-line  (42079,52033) (43243,52033)
V-line  (45732,33958) (45732,37529)
H-line  (45732,33958) (46238,33958)
V-line  (19587,54955) (19587,58431)
H-line  (19587,54955) (20196,54955)
V-line  (55420,46488) (55420,48179)
H-line  (55420,46488) (57829,46488)
V-line  (74476,26512) (74476,28844)
H-line  (74476,26512) (76253,26512)
V-line  (56644,97560) (56644,99075)
H-line  (56644,97560) (59240,97560)
V-line  (82002,62525) (82002,64997)
H-line  (80341,62525) (82002,62525)
V-line  (206,91804) (206,94632)
H-line  (206,91804) (1516,91804)
V-line  (77215,7967) (77215,11217)
H-line  (77215,7967) (78108,7967)
V-line  (20834,64197) (20834,68112)
H-line  (20584,64197) (20834,64197)
V-line  (32109,89856) (32109,93613)
H-line  (32109,89856) (32523,89856)
V-line  (39064,66915) (39064,69589)
H-line  (37561,66915) (39064,66915)
V-line  (4264,24318) (4264,28289)
H-line  (4056,24318) (4264,24318)
V-line  (19499,49321) (19499,51633)
H-line  (19499,49321) (21386,49321)
V-line  (99187,73594) (99187,77251)
H-line  (99187,73594) (99733,73594)
V-line  (27125,22373) (27125,25370)
H-line  (27125,22373) (28338,22373)
V-line  (74906,2411) (74906,4428)
H-line  (74906,2411) (77127,2411)
V-line  (88590,49756) (88590,52989)
H-line  (88590,49756) (89606,49756)
V-line  (21386,45724) (21386,49321)
H-line  (20734,45724) (21386,45724)
V-line  (20584,61370) (20584,64197)
H-line  (19149,61370) (20584,61370)
V-line  (88954,23031) (88954,26481)
H-line  (88954,23031) (89797,23031)
V-line  (26492,25370) (26492,29061)
H-line  (26492,25370) (27125,25370)
V-line  (20632,6834) (20632,9816)
H-line  (20632,6834) (21989,6834)
V-line  (36127,77246) (36127,80149)
H-line  (34690,77246) (36127,77246)
V-line  (61381,38013) (61381,41946)
H-line  (60972,38013) (61381,38013)
V-line  (49654,85688) (49654,88608)
H-line  (48223,85688) (49654,85688)
V-line  (46449,43367) (46449,46799)
H-line  (46449,43367) (47373,43367)
V-line  (50577,39644) (50577,43436)
H-line  (50013,39644) (50577,39644)
V-line  (29593,58980) (29593,61652)
H-line  (27908,58980) (29593,58980)
V-line  (61713,30126) (61713,32403)
H-line  (59627,30126) (61713,30126)
V-line  (28142,61652) (28142,64571)
H-line  (28142,61652) (29593,61652)
V-line  (56352,94249) (56352,96174)
H-line  (53907,94249) (56352,94249)
V-line  (39079,83385) (39079,87728)
H-line  (39079,83385) (39107,83385)
V-line  (31002,85052) (31002,88079)
H-line  (31002,85052) (32361,85052)
V-line  (88831,28781) (88831,32769)
H-line  (88831,28781) (89230,28781)
V-line  (82526,8220) (82526,12475)
H-line  (82526,8220) (82659,8220)
V-line  (8602,53712) (8602,56518)
H-line  (7014,53712) (8602,53712)
V-line  (64790,80801) (64790,84731)
H-line  (64321,80801) (64790,80801)
V-line  (91778,87489) (91778,89588)
H-line  (91778,87489) (94084,87489)
V-line  (62992,56007) (62992,59536)
H-line  (62114,56007) (62992,56007)
V-line  (71063,33883) (71063,37142)
H-line  (69906,33883) (71063,33883)
V-line  (78108,4674) (78108,7967)
H-line  (78108,4674) (79240,4674)
V-line  (46238,30942) (46238,33958)
H-line  (46238,30942) (47647,30942)
V-line  (29567,75988) (29567,80290)
H-line  (29443,75988) (29567,75988)
V-line  (22282,39325) (22282,43505)
H-line  (22034,39325) (22282,39325)
V-line  (96533,18338) (96533,22557)
H-line  (96308,18338) (96533,18338)
V-line  (93117,49650) (93117,54053)
H-line  (93117,49650) (93171,49650)
V-line  (63876,24455) (63876,28901)
H-line  (63876,24455) (63899,24455)
V-line  (58896,84200) (58896,88550)
H-line  (58734,84200) (58896,84200)
V-line  (39107,79735) (39107,83385)
H-line  (38242,79735) (39107,79735)
V-line  (46563,75435) (46563,77950)
H-line  (44562,75435) (46563,75435)
V-line  (64119,65344) (64119,69694)
H-line  (63932,65344) (64119,65344)
V-line  (744,47591) (744,51972)
H-line  (744,47591) (925,47591)
V-line  (39774,17782) (39774,20417)
H-line  (39774,17782) (41720,17782)
V-line  (70190,39020) (70190,42315)
H-line  (68891,39020) (70190,39020)
V-line  (2717,76001) (2717,80233)
H-line  (2349,76001) (2717,76001)
V-line  (41666,22755) (41666,27197)
H-line  (41666,22755) (41835,22755)
V-line  (39283,91593) (39283,95608)
H-line  (39283,91593) (39892,91593)
V-line  (82596,67900) (82596,72400)
H-line  (82596,67900) (82724,67900)
V-line  (58557,33589) (58557,35712)
H-line  (56047,33589) (58557,33589)
V-line  (5973,36910) (5973,41509)
H-line  (5973,36910) (6036,36910)
V-line  (97913,68559) (97913,72389)
H-line  (97070,68559) (97913,68559)
V-line  (51272,92950) (51272,97567)
H-line  (51212,92950) (51272,92950)
V-line  (39892,87728) (39892,91593)
H-line  (39079,87728) (39892,87728)
V-line  (53111,24381) (53111,29006)
H-line  (53056,24381) (53111,24381)
V-line  (74840,74490) (74840,79168)
H-line  (74829,74490) (74840,74490)
V-line  (87252,737) (87252,4768)
H-line  (87252,737) (87924,737)
V-line  (89407,43267) (89407,47199)
H-line  (88621,43267) (89407,43267)
V-line  (81243,30305) (81243,33694)
H-line  (79899,30305) (81243,30305)
V-line  (5624,81826) (5624,85252)
H-line  (4312,81826) (5624,81826)
V-line  (11065,56797) (11065,61529)
H-line  (11065,56797) (11083,56797)
V-line  (70367,81056) (70367,84469)
H-line  (70367,81056) (71705,81056)
V-line  (94084,82829) (94084,87489)
H-line  (94084,82829) (94184,82829)
V-line  (98955,51006) (98955,55090)
H-line  (98955,51006) (99632,51006)
V-line  (49040,20432) (49040,24217)
H-line  (49040,20432) (50023,20432)
V-line  (13413,91219) (13413,95869)
H-line  (13413,91219) (13543,91219)
V-line  (51765,56961) (51765,60798)
H-line  (50803,56961) (51765,56961)
V-line  (81646,87848) (81646,90425)
H-line  (81646,87848) (83869,87848)
V-line  (4158,7516) (4158,11326)
H-line  (4158,7516) (5156,7516)
V-line  (58026,46488) (58026,51105)
H-line  (57829,46488) (58026,46488)
V-line  (45167,16717) (45167,21377)
H-line  (44990,16717) (45167,16717)
V-line  (55420,45045) (55420,48179)
H-line  (53715,45045) (55420,45045)
V-line  (88382,35490) (88382,40004)
H-line  (88382,35490) (88709,35490)
V-line  (10608,23626) (10608,26601)
H-line  (10608,23626) (12474,23626)
V-line  (82928,593) (82928,5051)
H-line  (82928,593) (83321,593)
V-line  (34848,40906) (34848,43442)
H-line  (32531,40906) (34848,40906)
V-line  (8520,86398) (8520,90391)
H-line  (8520,86398) (9386,86398)
V-line  (21989,3328) (21989,6834)
H-line  (20635,3328) (21989,3328)
V-line  (52552,6607) (52552,10523)
H-line  (52552,6607) (53500,6607)
V-line  (96831,55163) (96831,58069)
H-line  (96831,55163) (98797,55163)
V-line  (10147,69712) (10147,72956)
H-line  (8516,69712) (10147,69712)
V-line  (33585,68968) (33585,72697)
H-line  (32435,68968) (33585,68968)
V-line  (57956,53759) (57956,56181)
H-line  (55498,53759) (57956,53759)
V-line  (94115,40079) (94115,43587)
H-line  (94115,40079) (95514,40079)
V-line  (92680,5304) (92680,8447)
H-line  (90901,5304) (92680,5304)
V-line  (47241,68606) (47241,73370)
H-line  (47241,68606) (47404,68606)
V-line  (4761,67640) (4761,72539)
H-line  (4761,67640) (4798,67640)
V-line  (79624,86379) (79624,91173)
H-line  (79624,86379) (79783,86379)
V-line  (36229,10510) (36229,14651)
H-line  (35416,10510) (36229,10510)
V-line  (42633,42488) (42633,46585)
H-line  (41775,42488) (42633,42488)
V-line  (85707,53305) (85707,57253)
H-line  (84699,53305) (85707,53305)
V-line  (92992,8447) (92992,13093)
H-line  (92680,8447) (92992,8447)
V-line  (85495,95336) (85495,98458)
H-line  (83641,95336) (85495,95336)
V-line  (37699,10548) (37699,14805)
H-line  (37699,10548) (38425,10548)
V-line  (97768,58069) (97768,62118)
H-line  (96831,58069) (97768,58069)
V-line  (32044,8196) (32044,11426)
H-line  (32044,8196) (33823,8196)
V-line  (61767,63359) (61767,67669)
H-line  (61767,63359) (62467,63359)
V-line  (69214,72136) (69214,76608)
H-line  (68653,72136) (69214,72136)
V-line  (44847,90390) (44847,95224)
H-line  (44847,90390) (45076,90390)
V-line  (97213,5885) (97213,10567)
H-line  (96822,5885) (97213,5885)
V-line  (38443,31298) (38443,36248)
H-line  (38305,31298) (38443,31298)
V-line  (41835,17782) (41835,22755)
H-line  (41720,17782) (41835,17782)
V-line  (83188,48104) (83188,51807)
H-line  (83188,48104) (84575,48104)
V-line  (52389,50422) (52389,53992)
H-line  (52389,50422) (53919,50422)
V-line  (13918,68598) (13918,72642)
H-line  (13918,68598) (14987,68598)
V-line  (99948,30049) (99948,35028)
H-line  (99814,30049) (99948,30049)
V-line  (68986,33883) (68986,38094)
H-line  (68986,33883) (69906,33883)
V-line  (50038,35435) (50038,38864)
H-line  (50038,35435) (51743,35435)
V-line  (18450,35968) (18450,40029)
H-line  (17375,35968) (18450,35968)
V-line  (12463,18359) (12463,22466)
H-line  (11423,18359) (12463,18359)
V-line  (37148,17014) (37148,20949)
H-line  (35915,17014) (37148,17014)
V-line  (25738,68219) (25738,73181)
H-line  (25738,68219) (25950,68219)
V-line  (89300,74022) (89300,77880)
H-line  (89300,74022) (90616,74022)
V-line  (80833,22082) (80833,27218)
H-line  (80764,22082) (80833,22082)
V-line  (35043,59511) (35043,63756)
H-line  (34073,59511) (35043,59511)
V-line  (68938,60362) (68938,65350)
H-line  (68938,60362) (69198,60362)
V-line  (25317,15535) (25317,20105)
H-line  (24628,15535) (25317,15535)
V-line  (73605,33762) (73605,36199)
H-line  (73605,33762) (76472,33762)
V-line  (17417,40029) (17417,44300)
H-line  (17417,40029) (18450,40029)
V-line  (28370,5477) (28370,9767)
H-line  (28370,5477) (29396,5477)
V-line  (84699,48104) (84699,53305)
H-line  (84575,48104) (84699,48104)
V-line  (90309,92550) (90309,96370)
H-line  (88782,92550) (90309,92550)
V-line  (67850,67548) (67850,72834)
H-line  (67725,67548) (67850,67548)
V-line  (53500,1788) (53500,6607)
H-line  (53500,1788) (54106,1788)
V-line  (9530,9578) (9530,13865)
H-line  (9530,9578) (10677,9578)
V-line  (35936,46386) (35936,50723)
H-line  (35936,46386) (37046,46386)
V-line  (71358,24724) (71358,28879)
H-line  (70056,24724) (71358,24724)
V-line  (94184,79101) (94184,82829)
H-line  (92399,79101) (94184,79101)
V-line  (69370,50899) (69370,54887)
H-line  (69370,50899) (70937,50899)
V-line  (3684,87565) (3684,91360)
H-line  (3684,87565) (5464,87565)
V-line  (64346,93379) (64346,98887)
H-line  (64346,93379) (64423,93379)
V-line  (71483,66306) (71483,70188)
H-line  (71483,66306) (73230,66306)
V-line  (27908,53483) (27908,58980)
H-line  (27908,53483) (28058,53483)
V-line  (69198,54887) (69198,60362)
H-line  (69198,54887) (69370,54887)
V-line  (30830,30036) (30830,35025)
H-line  (30830,30036) (31489,30036)
V-line  (22748,80431) (22748,84347)
H-line  (22748,80431) (24493,80431)
V-line  (44366,75914) (44366,81531)
H-line  (44283,75914) (44366,75914)
V-line  (81216,77287) (81216,81960)
H-line  (80185,77287) (81216,77287)
V-line  (21462,84347) (21462,88770)
H-line  (21462,84347) (22748,84347)
V-line  (26607,9767) (26607,13730)
H-line  (26607,9767) (28370,9767)
V-line  (83257,59119) (83257,64371)
H-line  (83257,59119) (83743,59119)
V-line  (5156,3139) (5156,7516)
H-line  (3773,3139) (5156,3139)
V-line  (19381,11781) (19381,15685)
H-line  (17497,11781) (19381,11781)
V-line  (78230,15911) (78230,20760)
H-line  (78230,15911) (79170,15911)
V-line  (31651,17250) (31651,21846)
H-line  (31651,17250) (32876,17250)
V-line  (45734,21377) (45734,26633)
H-line  (45167,21377) (45734,21377)
V-line  (77127,38797) (77127,44149)
H-line  (77127,38797) (77613,38797)
V-line  (63326,17946) (63326,22283)
H-line  (61822,17946) (63326,17946)
V-line  (79783,81960) (79783,86379)
H-line  (79783,81960) (81216,81960)
V-line  (85469,41698) (85469,46407)
H-line  (85469,41698) (86614,41698)
V-line  (90959,89588) (90959,94647)
H-line  (90959,89588) (91778,89588)
V-line  (17104,22556) (17104,27944)
H-line  (16607,22556) (17104,22556)
V-line  (43860,46585) (43860,51265)
H-line  (42633,46585) (43860,46585)
V-line  (88995,5304) (88995,9313)
H-line  (88995,5304) (90901,5304)
V-line  (21036,35576) (21036,40281)
H-line  (19822,35576) (21036,35576)
V-line  (31277,40906) (31277,45577)
H-line  (31277,40906) (32531,40906)
V-line  (28104,29061) (28104,33405)
H-line  (26492,29061) (28104,29061)
V-line  (57786,14427) (57786,19123)
H-line  (57786,14427) (59100,14427)
V-line  (42062,82169) (42062,87564)
H-line  (41396,82169) (42062,82169)
V-line  (13339,8682) (13339,13473)
H-line  (13339,8682) (14636,8682)
V-line  (50306,56961) (50306,62562)
H-line  (50306,56961) (50803,56961)
V-line  (15350,72642) (15350,77314)
H-line  (13918,72642) (15350,72642)
V-line  (47373,38796) (47373,43367)
H-line  (47373,38796) (48913,38796)
V-line  (14555,82498) (14555,87047)
H-line  (12956,82498) (14555,82498)
V-line  (3279,28453) (3279,34283)
H-line  (3279,28453) (3621,28453)
V-line  (3553,53946) (3553,58647)
H-line  (3553,53946) (5047,53946)
V-line  (78536,72214) (78536,78429)
H-line  (78529,72214) (78536,72214)
V-line  (10959,64582) (10959,70406)
H-line  (10550,64582) (10959,64582)
V-line  (48416,11626) (48416,16083)
H-line  (46610,11626) (48416,11626)
V-line  (49876,25535) (49876,30523)
H-line  (49876,25535) (51188,25535)
V-line  (76835,20760) (76835,25693)
H-line  (76835,20760) (78230,20760)
V-line  (1766,34283) (1766,39137)
H-line  (1766,34283) (3279,34283)
V-line  (10262,28990) (10262,35170)
H-line  (10073,28990) (10262,28990)
V-line  (28486,45094) (28486,51487)
H-line  (28484,45094) (28486,45094)
V-line  (64729,57031) (64729,62165)
H-line  (64729,57031) (66015,57031)
V-line  (62211,70908) (62211,76986)
H-line  (61862,70908) (62211,70908)
V-line  (59463,70409) (59463,76765)
H-line  (59292,70409) (59463,70409)
V-line  (540,68731) (540,75015)
H-line  (285,68731) (540,68731)
V-line  (94961,22645) (94961,28175)
H-line  (94961,22645) (96005,22645)
V-line  (26522,73181) (26522,78974)
H-line  (25738,73181) (26522,73181)
V-line  (13810,60031) (13810,65929)
H-line  (13073,60031) (13810,60031)
V-line  (99632,45736) (99632,51006)
H-line  (98256,45736) (99632,45736)
V-line  (11257,37831) (11257,43744)
H-line  (11257,37831) (12003,37831)
V-line  (21999,73654) (21999,77976)
H-line  (19662,73654) (21999,73654)
V-line  (33823,3570) (33823,8196)
H-line  (31768,3570) (33823,3570)
V-line  (19662,68112) (19662,73654)
H-line  (19662,68112) (20834,68112)
V-line  (59100,9004) (59100,14427)
H-line  (57794,9004) (59100,9004)
V-line  (15144,44723) (15144,49543)
H-line  (15144,44723) (17054,44723)
V-line  (17702,92908) (17702,98914)
H-line  (16953,92908) (17702,92908)
V-line  (1769,84820) (1769,89904)
H-line  (69,84820) (1769,84820)
V-line  (10677,3913) (10677,9578)
H-line  (10677,3913) (11813,3913)
V-line  (56238,58907) (56238,63790)
H-line  (56238,58907) (58160,58907)
V-line  (98256,39506) (98256,45736)
H-line  (97595,39506) (98256,39506)
V-line  (70360,3953) (70360,10449)
H-line  (69936,3953) (70360,3953)
V-line  (18245,15685) (18245,21480)
H-line  (18245,15685) (19381,15685)
V-line  (49698,9275) (49698,15469)
H-line  (49698,9275) (50450,9275)
V-line  (83690,21610) (83690,28502)
H-line  (83690,21610) (83763,21610)
V-line  (65631,50428) (65631,56423)
H-line  (64636,50428) (65631,50428)
V-line  (30772,35025) (30772,41973)
H-line  (30772,35025) (30830,35025)
V-line  (66569,5162) (66569,10859)
H-line  (65238,5162) (66569,5162)
V-line  (83910,26919) (83910,31990)
H-line  (83910,26919) (85912,26919)
V-line  (28371,92182) (28371,98585)
H-line  (27699,92182) (28371,92182)
V-line  (41720,11138) (41720,17782)
H-line  (41720,11138) (42200,11138)
V-line  (23966,92508) (23966,98336)
H-line  (22596,92508) (23966,92508)
V-line  (44283,70383) (44283,75914)
H-line  (42607,70383) (44283,70383)
V-line  (39687,1518) (39687,8499)
H-line  (39445,1518) (39687,1518)
V-line  (95440,31555) (95440,37548)
H-line  (95440,31555) (96702,31555)
V-line  (56595,77801) (56595,82742)
H-line  (54271,77801) (56595,77801)
V-line  (15458,315) (15458,5762)
H-line  (15458,315) (17371,315)
V-line  (88557,62076) (88557,67885)
H-line  (87000,62076) (88557,62076)
V-line  (19466,315) (19466,5597)
H-line  (17371,315) (19466,315)
V-line  (41314,54960) (41314,62337)
H-line  (41282,54960) (41314,54960)
V-line  (55504,32992) (55504,38288)
H-line  (53267,32992) (55504,32992)
V-line  (95642,5801) (95642,12935)
H-line  (95184,5801) (95642,5801)
V-line  (62553,3985) (62553,11379)
H-line  (62553,3985) (62766,3985)
V-line  (54147,84091) (54147,90616)
H-line  (52954,84091) (54147,84091)
V-line  (68815,48502) (68815,54857)
H-line  (67201,48502) (68815,48502)
V-line  (68163,92363) (68163,98633)
H-line  (68163,92363) (69880,92363)
V-line  (69881,17308) (69881,23627)
H-line  (68194,17308) (69881,17308)
V-line  (35046,89200) (35046,95712)
H-line  (33465,89200) (35046,89200)
V-line  (50781,10523) (50781,16909)
H-line  (50781,10523) (52552,10523)
V-line  (66369,16282) (66369,23463)
H-line  (66369,16282) (67346,16282)
V-line  (58734,76765) (58734,84200)
H-line  (58734,76765) (59463,76765)
V-line  (19605,27114) (19605,33875)
H-line  (19605,27114) (21063,27114)
V-line  (8045,30119) (8045,38132)
H-line  (8045,30119) (8439,30119)
V-line  (42200,3968) (42200,11138)
H-line  (42200,3968) (43590,3968)
V-line  (426,9902) (426,18496)
H-line  (426,9902) (846,9902)
V-line  (31002,80290) (31002,88079)
H-line  (29567,80290) (31002,80290)
V-line  (98432,8365) (98432,16301)
H-line  (98432,8365) (99757,8365)
V-line  (47585,50108) (47585,58087)
H-line  (47585,50108) (48929,50108)
V-line  (57794,119) (57794,9004)
H-line  (57794,119) (58449,119)
V-line  (4056,15942) (4056,24318)
H-line  (4056,15942) (5557,15942)
V-line  (69,75015) (69,84820)
H-line  (69,75015) (540,75015)
V-line  (98256,36937) (98256,45736)
H-line  (98256,36937) (99908,36937)
V-line  (30859,89422) (30859,99507)
H-line  (30859,89422) (31337,89422)
V-line  (35416,510) (35416,10510)
H-line  (35416,510) (36548,510)
V-line  (95173,87489) (95173,98720)
H-line  (94084,87489) (95173,87489)
V-line  (73514,85699) (73514,99742)
H-line  (73514,85699) (74574,85699)
