142413
131420
1230684
1127  1092
0.890066 s

bk14b  987   441   1106  735   
bk8b   224   819   602   945   
bk8a   630   0     840   210   
bk3    798   819   1113  952   
bk6    273   448   588   581   
bk13   0     448   140   945   
bk11   840   0     1015  119   
bk10c  938   441   987   560   
bk19   1015  0     1099  119   
bk5b   140   119   273   294   
bk17a  623   210   805   581   
bk15a  140   294   259   560   
bk16   1001  119   1127  238   
bk5c   273   133   504   266   
bk18   616   700   798   903   
bk9a   798   700   980   819   
bk9b   504   133   623   252   
bk1    805   238   938   574   
bk2    336   0     630   133   
bk5a   0     0     140   133   
bk14a  140   0     336   119   
bk10b  966   952   1127  1092  
bk10a  238   700   616   819   
bk4    0     945   560   1078  
bk12   560   952   966   1092  
bk20   273   266   623   448   
bk15b  273   581   609   700   
bk7    140   560   238   742   
bk17b  938   238   1120  441   
bk14c  840   119   1001  238   
bk9d   140   742   224   861   
bk9c   623   581   980   700   
bk21   0     133   140   448   
