2.11379e+06
1.73372e+06
39740960
5180  7672
0.469565 s

M001   0     0     1708  3234  
M039   3738  1610  4102  2394  
M030   2982  5866  4284  6594  
M013   4788  0     5054  672   
M002   2926  5194  4480  5866  
M021   4620  4648  5012  5474  
M012   2716  3388  3514  3794  
M011   756   3738  1134  4564  
M026   0     5082  728   5432  
M018   3234  1904  3626  2982  
M033   4102  1610  5054  3500  
M025   1610  6216  2394  6538  
M041   3738  2394  4102  3248  
M010   2324  1610  2940  1904  
M005   1652  3850  3038  4382  
M046   0     3234  1204  3738  
M036   1876  1610  2324  2604  
M035   364   3738  756   4592  
M043   2324  1904  3234  2436  
M044   0     5432  630   6734  
M015   1876  3038  2716  3444  
M045   3794  7000  4956  7672  
M016   3626  4004  3948  4802  
M008   1624  4382  2870  5026  
M032   0     6734  378   7518  
M019   4284  6132  5110  6524  
M014   1652  3444  2576  3850  
M003   1610  6608  3794  7616  
M022   3038  3850  3402  4802  
M017   3626  3248  4018  4004  
M007   2716  3038  3584  3388  
M040   3794  6608  4662  7000  
M042   1708  1610  1876  1988  
M006   728   5194  1610  7056  
M024   4284  5866  5082  6132  
M004   1708  0     4788  1610  
M031   3038  4802  4088  5194  
M047   1876  2604  2688  3038  
M027   0     3738  364   4578  
M049   2590  5866  2982  6608  
M038   1204  3234  1652  4200  
M020   2940  1610  3738  1862  
M034   4620  3500  5180  4648  
M037   378   7056  1596  7616  
M023   0     4592  1134  5082  
M048   1624  5026  2926  5754  
M028   4102  3500  4620  4564  
M009   1610  5754  2590  6216  
M029   1134  4200  1624  5194  
